Using pre-set license
Built from '6000.2/respin/6000.2.0b2-d4c40f50eb81' branch; Version is '6000.2.0b2 (2bdac9ac0d74) revision 2874057'; Using compiler version '194234433'; Build Type 'Release'
OS: 'Windows 11  (10.0.26100) 64bit Professional' Language: 'pt' Physical Memory: 16229 MB
BatchMode: 1, IsHumanControllingUs: 0, StartBugReporterOnCrash: 0, Is64bit: 1
Date: 2025-05-22T13:53:45Z

COMMAND LINE ARGUMENTS:
C:\Program Files\Unity\6000.2.0b2\Editor\Unity.exe
-adb2
-batchMode
-noUpm
-name
AssetImportWorker3
-projectPath
D:/Lucas/Estudos/Dev/Unity/Projeto_Mila
-logFile
Logs/AssetImportWorker3.log
-srvPort
55410
-job-worker-count
5
-background-job-worker-count
8
-gc-helper-count
1
-name
AssetImport
Successfully changed project path to: D:/Lucas/Estudos/Dev/Unity/Projeto_Mila
D:/Lucas/Estudos/Dev/Unity/Projeto_Mila
[UnityMemory] Configuration Parameters - Can be set up in boot.config
    "memorysetup-allocator-temp-initial-block-size-main=262144"
    "memorysetup-allocator-temp-initial-block-size-worker=262144"
    "memorysetup-bucket-allocator-granularity=16"
    "memorysetup-bucket-allocator-bucket-count=8"
    "memorysetup-bucket-allocator-block-size=33554432"
    "memorysetup-bucket-allocator-block-count=8"
    "memorysetup-main-allocator-block-size=16777216"
    "memorysetup-thread-allocator-block-size=16777216"
    "memorysetup-gfx-main-allocator-block-size=16777216"
    "memorysetup-gfx-thread-allocator-block-size=16777216"
    "memorysetup-cache-allocator-block-size=4194304"
    "memorysetup-typetree-allocator-block-size=2097152"
    "memorysetup-profiler-bucket-allocator-granularity=16"
    "memorysetup-profiler-bucket-allocator-bucket-count=8"
    "memorysetup-profiler-bucket-allocator-block-size=33554432"
    "memorysetup-profiler-bucket-allocator-block-count=8"
    "memorysetup-profiler-allocator-block-size=16777216"
    "memorysetup-profiler-editor-allocator-block-size=1048576"
    "memorysetup-temp-allocator-size-main=16777216"
    "memorysetup-job-temp-allocator-block-size=2097152"
    "memorysetup-job-temp-allocator-block-size-background=1048576"
    "memorysetup-job-temp-allocator-reduction-small-platforms=262144"
    "memorysetup-temp-allocator-size-background-worker=32768"
    "memorysetup-temp-allocator-size-job-worker=262144"
    "memorysetup-temp-allocator-size-preload-manager=33554432"
    "memorysetup-temp-allocator-size-nav-mesh-worker=65536"
    "memorysetup-temp-allocator-size-audio-worker=65536"
    "memorysetup-temp-allocator-size-cloud-worker=32768"
    "memorysetup-temp-allocator-size-gi-baking-worker=262144"
    "memorysetup-temp-allocator-size-gi-baking-worker=262144"
    "memorysetup-temp-allocator-size-gi-baking-worker=262144"
    "memorysetup-temp-allocator-size-gi-baking-worker=262144"
    "memorysetup-temp-allocator-size-gi-baking-worker=262144"
    "memorysetup-temp-allocator-size-gfx=262144"
Player connection [14804]  Target information:

Player connection [14804]  * "[IP] 192.168.1.102 [Port] 0 [Flags] 2 [Guid] 1224343556 [EditorId] 1224343556 [Version] 1048832 [Id] WindowsEditor(7,DESKTOP-KL4VHS6) [Debug] 1 [PackageName] WindowsEditor [ProjectName] Editor" 

Player connection [14804] Host joined multi-casting on [225.0.0.222:54997]...
Player connection [14804] Host joined alternative multi-casting on [225.0.0.222:34997]...
JobSystem: Creating JobQueue using job-worker-count value 5
Input System module state changed to: Initialized.
[Physics::Module] Initialized fallback backend.
[Physics::Module] Id: 0xdecafbad
Library Redirect Path: Library/
[Physics::Module] Selected backend.
[Physics::Module] Name: PhysX
[Physics::Module] Id: 0xf2b8ea05
[Physics::Module] SDK Version: 4.1.2
[Physics::Module] Integration Version: 1.0.0
[Physics::Module] Threading Mode: Multi-Threaded
Refreshing native plugins compatible for Editor in 4.69 ms, found 3 plugins.
Preloading 0 native plugins for Editor in 0.00 ms.
Initialize engine version: 6000.2.0b2 (2bdac9ac0d74)
[Subsystems] Discovering subsystems at path C:/Program Files/Unity/6000.2.0b2/Editor/Data/Resources/UnitySubsystems
[Subsystems] Discovering subsystems at path D:/Lucas/Estudos/Dev/Unity/Projeto_Mila/Assets
GfxDevice: creating device client; kGfxThreadingModeNonThreaded
Direct3D:
    Version:  Direct3D 11.0 [level 11.1]
    Renderer: AMD Radeon RX 6700 XT (ID=0x73df)
    Vendor:   ATI
    VRAM:     12217 MB
    Driver:   32.0.12033.1030
Initialize mono
Mono path[0] = 'C:/Program Files/Unity/6000.2.0b2/Editor/Data/Managed'
Mono path[1] = 'C:/Program Files/Unity/6000.2.0b2/Editor/Data/MonoBleedingEdge/lib/mono/unityjit-win32'
Mono config path = 'C:/Program Files/Unity/6000.2.0b2/Editor/Data/MonoBleedingEdge/etc'
Using monoOptions --debugger-agent=transport=dt_socket,embedding=1,server=y,suspend=n,address=127.0.0.1:56212
Begin MonoManager ReloadAssembly
Registering precompiled unity dll's ...
Register platform support module: C:/Program Files/Unity/6000.2.0b2/Editor/Data/PlaybackEngines/WebGLSupport/UnityEditor.WebGL.Extensions.dll
Register platform support module: C:/Program Files/Unity/6000.2.0b2/Editor/Data/PlaybackEngines/WindowsStandaloneSupport/UnityEditor.WindowsStandalone.Extensions.dll
Register platform support module: C:/Program Files/Unity/6000.2.0b2/Editor/Data/PlaybackEngines/MetroSupport/UnityEditor.UWP.Extensions.dll
Registered in 0.005307 seconds.
- Loaded All Assemblies, in  0.503 seconds
Native extension for UWP target not found
Native extension for WindowsStandalone target not found
Native extension for WebGL target not found
Mono: successfully reloaded assembly
- Finished resetting the current domain, in  0.528 seconds
Domain Reload Profiling: 1027ms
	BeginReloadAssembly (153ms)
		ExecutionOrderSort (0ms)
		DisableScriptedObjects (0ms)
		BackupInstance (0ms)
		ReleaseScriptingObjects (0ms)
		CreateAndSetChildDomain (1ms)
	RebuildCommonClasses (40ms)
	RebuildNativeTypeToScriptingClass (13ms)
	initialDomainReloadingComplete (62ms)
	LoadAllAssembliesAndSetupDomain (231ms)
		LoadAssemblies (148ms)
		RebuildTransferFunctionScriptingTraits (0ms)
		AnalyzeDomain (227ms)
			TypeCache.Refresh (225ms)
				TypeCache.ScanAssembly (207ms)
			BuildScriptInfoCaches (0ms)
			ResolveRequiredComponents (0ms)
	FinalizeReload (528ms)
		ReleaseScriptCaches (0ms)
		RebuildScriptCaches (0ms)
		SetupLoadedEditorAssemblies (469ms)
			LogAssemblyErrors (0ms)
			InitializePlatformSupportModulesInManaged (76ms)
			SetLoadedEditorAssemblies (6ms)
			BeforeProcessingInitializeOnLoad (81ms)
			ProcessInitializeOnLoadAttributes (239ms)
			ProcessInitializeOnLoadMethodAttributes (66ms)
			AfterProcessingInitializeOnLoad (0ms)
			EditorAssembliesLoaded (0ms)
		ExecutionOrderSort2 (0ms)
		AwakeInstancesAfterBackupRestoration (0ms)
Assembly reference Packages/com.unity.cinemachine/Editor/Samples/ExposeHDRPInternals/HDRP-Editor-ref.asmref has no target assembly definition
========================================================================
Worker process is ready to serve import requests
Import Worker Mode flag is 0x00
Assembly reference Packages/com.unity.cinemachine/Editor/Samples/ExposeHDRPInternals/HDRP-Editor-ref.asmref has no target assembly definition
Assembly reference Packages/com.unity.cinemachine/Editor/Samples/ExposeHDRPInternals/HDRP-Editor-ref.asmref has no target assembly definition
Begin MonoManager ReloadAssembly
Duplicate assembly 'System.Runtime.CompilerServices.Unsafe.dll' with different versions detected, using 'Packages/com.unity.collections/Unity.Collections.Tests/System.Runtime.CompilerServices.Unsafe/System.Runtime.CompilerServices.Unsafe.dll, AssemblyName=System.Runtime.CompilerServices.Unsafe, Version=6.0.0.0, Culture=neutral, PublicKeyToken=b03f5f7f11d50a3a' and ignoring 'Packages/com.unity.ai.assistant/Plugins/Markdig/Dependencies/System.Runtime.CompilerServices.Unsafe.dll, AssemblyName=System.Runtime.CompilerServices.Unsafe, Version=4.0.6.0, Culture=neutral, PublicKeyToken=b03f5f7f11d50a3a'.Symbol file LoadedFromMemory is not a mono symbol file
- Loaded All Assemblies, in  1.950 seconds
Assembly reference Packages/com.unity.cinemachine/Editor/Samples/ExposeHDRPInternals/HDRP-Editor-ref.asmref has no target assembly definition
'Packages/com.unity.cinemachine/Editor/Obsolete/CinemachineVirtualCameraBaseEditor.cs' contains partial class of Unity.Object, exactly 1 of the partial classes needs to be in a file with the same filename. This is to know the one that can be referenced from ie. GameObjects
'Packages/com.unity.cinemachine/Editor/Editors/CinemachineVirtualCameraBaseEditor.cs' contains partial class of Unity.Object, exactly 1 of the partial classes needs to be in a file with the same filename. This is to know the one that can be referenced from ie. GameObjects
Refreshing native plugins compatible for Editor in 1.87 ms, found 3 plugins.
Native extension for UWP target not found
Native extension for WindowsStandalone target not found
Native extension for WebGL target not found
Assembly reference Packages/com.unity.cinemachine/Editor/Samples/ExposeHDRPInternals/HDRP-Editor-ref.asmref has no target assembly definition
Package Manager log level set to [2]
[Package Manager] Failed to launch server process. Reason: Unity was launched with the -noUpm command-line argument
[Package Manager] Unable to send message (not connected to server process).
[Package Manager] Cannot connect to Unity Package Manager local server
System.Exception: Error! Visual Scripting: couldn't find visual scripting package
  at Unity.VisualScripting.PackageVersionUtility.get_version () [0x00043] in .\Library\PackageCache\com.unity.visualscripting@7dcdc439b230\Editor\VisualScripting.Core\Utilities\PackageVersionUtility.cs:31 
  at Unity.VisualScripting.BoltCoreManifest.get_version () [0x00000] in .\Library\PackageCache\com.unity.visualscripting@7dcdc439b230\Editor\VisualScripting.Core\Plugin\BoltCoreManifest.cs:11 
  at Unity.VisualScripting.PluginManifest.get_currentVersion () [0x00000] in .\Library\PackageCache\com.unity.visualscripting@7dcdc439b230\Editor\VisualScripting.Core\Plugins\PluginManifest.cs:33 
  at Unity.VisualScripting.PluginManifest.get_versionMismatch () [0x00000] in .\Library\PackageCache\com.unity.visualscripting@7dcdc439b230\Editor\VisualScripting.Core\Plugins\PluginManifest.cs:48 
  at Unity.VisualScripting.PluginContainer.Initialize () [0x00525] in .\Library\PackageCache\com.unity.visualscripting@7dcdc439b230\Editor\VisualScripting.Core\Plugins\PluginContainer.cs:208 
  at Unity.VisualScripting.PluginContainer.InitializeOnLoad () [0x00009] in .\Library\PackageCache\com.unity.visualscripting@7dcdc439b230\Editor\VisualScripting.Core\Plugins\PluginContainer.cs:32 
  at Unity.VisualScripting.VSUsageUtility.DoInitializeOnLoadCalls () [0x00034] in .\Library\PackageCache\com.unity.visualscripting@7dcdc439b230\Editor\VisualScripting.Core\Utilities\VSUsageUtility.cs:76 
  at Unity.VisualScripting.VSUsageUtility.set_isVisualScriptingUsed (System.Boolean value) [0x0002c] in .\Library\PackageCache\com.unity.visualscripting@7dcdc439b230\Editor\VisualScripting.Core\Utilities\VSUsageUtility.cs:114 
  at Unity.VisualScripting.VSUsageUtility.CheckAndSetIsVisualScriptingUsed () [0x00032] in .\Library\PackageCache\com.unity.visualscripting@7dcdc439b230\Editor\VisualScripting.Core\Utilities\VSUsageUtility.cs:48 
  at Unity.VisualScripting.VSUsageUtility..cctor () [0x00000] in .\Library\PackageCache\com.unity.visualscripting@7dcdc439b230\Editor\VisualScripting.Core\Utilities\VSUsageUtility.cs:22 
UnityEngine.Debug:ExtractStackTraceNoAlloc (byte*,int,string)
UnityEngine.StackTraceUtility:ExtractStackTrace ()
UnityEngine.DebugLogHandler:Internal_Log (UnityEngine.LogType,UnityEngine.LogOption,string,UnityEngine.Object)
UnityEngine.DebugLogHandler:LogFormat (UnityEngine.LogType,UnityEngine.Object,string,object[])
UnityEngine.Logger:Log (UnityEngine.LogType,object)
UnityEngine.Debug:LogError (object)
UnityEditor.EditorAssemblies:ProcessInitializeOnLoadAttributes (System.Type[])

Mono: successfully reloaded assembly
- Finished resetting the current domain, in  2.708 seconds
Domain Reload Profiling: 4640ms
	BeginReloadAssembly (389ms)
		ExecutionOrderSort (0ms)
		DisableScriptedObjects (10ms)
		BackupInstance (0ms)
		ReleaseScriptingObjects (0ms)
		CreateAndSetChildDomain (55ms)
	RebuildCommonClasses (69ms)
	RebuildNativeTypeToScriptingClass (23ms)
	initialDomainReloadingComplete (85ms)
	LoadAllAssembliesAndSetupDomain (1365ms)
		LoadAssemblies (974ms)
		RebuildTransferFunctionScriptingTraits (0ms)
		AnalyzeDomain (629ms)
			TypeCache.Refresh (524ms)
				TypeCache.ScanAssembly (485ms)
			BuildScriptInfoCaches (84ms)
			ResolveRequiredComponents (16ms)
	FinalizeReload (2709ms)
		ReleaseScriptCaches (0ms)
		RebuildScriptCaches (0ms)
		SetupLoadedEditorAssemblies (2213ms)
			LogAssemblyErrors (0ms)
			InitializePlatformSupportModulesInManaged (4ms)
			SetLoadedEditorAssemblies (5ms)
			BeforeProcessingInitializeOnLoad (293ms)
			ProcessInitializeOnLoadAttributes (1704ms)
			ProcessInitializeOnLoadMethodAttributes (195ms)
			AfterProcessingInitializeOnLoad (11ms)
			EditorAssembliesLoaded (1ms)
		ExecutionOrderSort2 (0ms)
		AwakeInstancesAfterBackupRestoration (12ms)
Launched and connected shader compiler UnityShaderCompiler.exe after 0.13 seconds
Refreshing native plugins compatible for Editor in 2.73 ms, found 3 plugins.
Preloading 0 native plugins for Editor in 0.00 ms.
Unloading 253 Unused Serialized files (Serialized files now loaded: 0)
Unloading 7594 unused Assets / (5.9 MB). Loaded Objects now: 10300.
Memory consumption went from 257.7 MB to 251.8 MB.
Total: 33.870700 ms (FindLiveObjects: 1.806900 ms CreateObjectMapping: 2.416400 ms MarkObjects: 25.178800 ms  DeleteObjects: 4.466800 ms)

========================================================================
Received Import Request.
  Time since last request: 194484.308717 seconds.
  path: Assets/Scripts/Skybox.asset
  artifactKey: Guid(0750360b118c0e24a83dfb41fe811e74) Importer(2089858483,192608db42251d675da83286b1cce702)
Start importing Assets/Scripts/Skybox.asset using Guid(0750360b118c0e24a83dfb41fe811e74) Importer(2089858483,192608db42251d675da83286b1cce702) (ScriptedImporter) -> (artifact id: '4d3f23c2a88cb392d4a1204a7cb9cc22') in 1.2916829 seconds
Number of updated asset objects reloaded before import = 0Number of asset objects unloaded after import = 1

========================================================================
Received Import Request.
  Time since last request: 0.000026 seconds.
  path: Assets/GalaxyBox2/Resources/Skybox2_9/SkyboxY+.png
  artifactKey: Guid(8b4330755bc7f4a45b1d44c0ec4e6b46) Importer(2089858483,192608db42251d675da83286b1cce702)
Start importing Assets/GalaxyBox2/Resources/Skybox2_9/SkyboxY+.png using Guid(8b4330755bc7f4a45b1d44c0ec4e6b46) Importer(2089858483,192608db42251d675da83286b1cce702) (ScriptedImporter) -> (artifact id: '00604339abf1f4b2ac874897617e6399') in 0.0675679 seconds
Number of updated asset objects reloaded before import = 0Number of asset objects unloaded after import = 1

========================================================================
Received Import Request.
  Time since last request: 0.000021 seconds.
  path: Assets/GalaxyBox2/Resources/Skybox2_4/SkyboxY+.png
  artifactKey: Guid(230313f22aa704a4b9dbd4ef5aa69110) Importer(2089858483,192608db42251d675da83286b1cce702)
Start importing Assets/GalaxyBox2/Resources/Skybox2_4/SkyboxY+.png using Guid(230313f22aa704a4b9dbd4ef5aa69110) Importer(2089858483,192608db42251d675da83286b1cce702) (ScriptedImporter) -> (artifact id: 'd0d8134ffcafa6d3da9907062c59812d') in 0.0125805 seconds
Number of updated asset objects reloaded before import = 0Number of asset objects unloaded after import = 1

========================================================================
Received Import Request.
  Time since last request: 0.000015 seconds.
  path: Assets/Scripts/Managers/TimeManager.cs
  artifactKey: Guid(d9b77124cd186a849b1b1f6a26bae1d6) Importer(2089858483,192608db42251d675da83286b1cce702)
Start importing Assets/Scripts/Managers/TimeManager.cs using Guid(d9b77124cd186a849b1b1f6a26bae1d6) Importer(2089858483,192608db42251d675da83286b1cce702) (ScriptedImporter) -> (artifact id: 'd10a48fd39c9d46c1278f8b5a11f1e41') in 0.0120645 seconds
Number of updated asset objects reloaded before import = 0Number of asset objects unloaded after import = 0

========================================================================
Received Import Request.
  Time since last request: 0.000018 seconds.
  path: Assets/Objects/starsparrow_fbx/StarSparrow11.fbx
  artifactKey: Guid(b014b77408094b14fa3d4b84b558c285) Importer(2089858483,192608db42251d675da83286b1cce702)
Start importing Assets/Objects/starsparrow_fbx/StarSparrow11.fbx using Guid(b014b77408094b14fa3d4b84b558c285) Importer(2089858483,192608db42251d675da83286b1cce702) (ScriptedImporter) -> (artifact id: '101e087c37737cfd6ccd96e3f2464500') in 0.0655743 seconds
Number of updated asset objects reloaded before import = 0Number of asset objects unloaded after import = 7

========================================================================
Received Import Request.
  Time since last request: 0.000022 seconds.
  path: Assets/Objects/starsparrow_fbx/StarSparrow15.fbx
  artifactKey: Guid(e288b6e3c117d2f44b506a78978a0aa6) Importer(2089858483,192608db42251d675da83286b1cce702)
Start importing Assets/Objects/starsparrow_fbx/StarSparrow15.fbx using Guid(e288b6e3c117d2f44b506a78978a0aa6) Importer(2089858483,192608db42251d675da83286b1cce702) (ScriptedImporter) -> (artifact id: 'cf7b7e160c77d7b287ce1d70b32a90e2') in 0.0099922 seconds
Number of updated asset objects reloaded before import = 0Number of asset objects unloaded after import = 7

========================================================================
Received Import Request.
  Time since last request: 0.000026 seconds.
  path: Assets/Hovl Studio/Procedural fire/Prefabs/Magic fire pro blue.prefab
  artifactKey: Guid(c590b17884b119046bc6412066500b7d) Importer(2089858483,192608db42251d675da83286b1cce702)
Start importing Assets/Hovl Studio/Procedural fire/Prefabs/Magic fire pro blue.prefab using Guid(c590b17884b119046bc6412066500b7d) Importer(2089858483,192608db42251d675da83286b1cce702) (ScriptedImporter) -> (artifact id: 'af93a577fcd649c9e4768c35196a2cec') in 0.1018102 seconds
Number of updated asset objects reloaded before import = 0Number of asset objects unloaded after import = 23

========================================================================
Received Import Request.
  Time since last request: 0.000018 seconds.
  path: Assets/Hovl Studio/Procedural fire/Demo scene/Floor3.mat
  artifactKey: Guid(ca6fd35d7de69cb449d560ab9228d502) Importer(2089858483,192608db42251d675da83286b1cce702)
Start importing Assets/Hovl Studio/Procedural fire/Demo scene/Floor3.mat using Guid(ca6fd35d7de69cb449d560ab9228d502) Importer(2089858483,192608db42251d675da83286b1cce702) (ScriptedImporter) -> (artifact id: '2d317e45b019ab3dd783b659cb8cd447') in 0.0271369 seconds
Number of updated asset objects reloaded before import = 0Number of asset objects unloaded after import = 6

========================================================================
Received Import Request.
  Time since last request: 0.000029 seconds.
  path: Assets/Hovl Studio/Procedural fire/Prefabs/Magic fire 1.prefab
  artifactKey: Guid(25093a0593dc83043a7bc17ebba0e95d) Importer(2089858483,192608db42251d675da83286b1cce702)
Start importing Assets/Hovl Studio/Procedural fire/Prefabs/Magic fire 1.prefab using Guid(25093a0593dc83043a7bc17ebba0e95d) Importer(2089858483,192608db42251d675da83286b1cce702) (ScriptedImporter) -> (artifact id: '7489d05a04c597ac338c543d7c66ac76') in 0.0410853 seconds
Number of updated asset objects reloaded before import = 0Number of asset objects unloaded after import = 19

========================================================================
Received Import Request.
  Time since last request: 0.000031 seconds.
  path: Assets/Sounds/Effects/Selection.wav
  artifactKey: Guid(44242d4ce4eb3324780525df0087f136) Importer(2089858483,192608db42251d675da83286b1cce702)
Start importing Assets/Sounds/Effects/Selection.wav using Guid(44242d4ce4eb3324780525df0087f136) Importer(2089858483,192608db42251d675da83286b1cce702) (ScriptedImporter) -> (artifact id: 'c429c0eacc1382f0211877244509d383') in 0.0391478 seconds
Number of updated asset objects reloaded before import = 0Number of asset objects unloaded after import = 1

========================================================================
Received Import Request.
  Time since last request: 0.000018 seconds.
  path: Assets/GalaxyBox2/Resources/Skybox2_6/skyboxX-.png
  artifactKey: Guid(c82fe1ab58fe8c145a0b3bbd6c249104) Importer(2089858483,192608db42251d675da83286b1cce702)
Start importing Assets/GalaxyBox2/Resources/Skybox2_6/skyboxX-.png using Guid(c82fe1ab58fe8c145a0b3bbd6c249104) Importer(2089858483,192608db42251d675da83286b1cce702) (ScriptedImporter) -> (artifact id: '3092ef4ab0514f3533b0a431017f902a') in 0.0166698 seconds
Number of updated asset objects reloaded before import = 0Number of asset objects unloaded after import = 1

========================================================================
Received Import Request.
  Time since last request: 0.000015 seconds.
  path: Assets/Objects/starsparrow_fbx/Textures/StarSparrow_Blue.png
  artifactKey: Guid(6b5216051c353014d99b4fe11f992825) Importer(2089858483,192608db42251d675da83286b1cce702)
Start importing Assets/Objects/starsparrow_fbx/Textures/StarSparrow_Blue.png using Guid(6b5216051c353014d99b4fe11f992825) Importer(2089858483,192608db42251d675da83286b1cce702) (ScriptedImporter) -> (artifact id: '4e65049be6e694ab5533cb638ddf086e') in 0.0092514 seconds
Number of updated asset objects reloaded before import = 0Number of asset objects unloaded after import = 1

========================================================================
Received Import Request.
  Time since last request: 0.000025 seconds.
  path: Assets/Hovl Studio/Procedural fire/Prefabs/RotatorPS1.prefab
  artifactKey: Guid(1381b64ff1936ac4e80c3a00687081f3) Importer(2089858483,192608db42251d675da83286b1cce702)
Start importing Assets/Hovl Studio/Procedural fire/Prefabs/RotatorPS1.prefab using Guid(1381b64ff1936ac4e80c3a00687081f3) Importer(2089858483,192608db42251d675da83286b1cce702) (ScriptedImporter) -> (artifact id: '55a7f773521dd7e9309f550c4a1a8647') in 0.0571611 seconds
Number of updated asset objects reloaded before import = 0Number of asset objects unloaded after import = 37

========================================================================
Received Import Request.
  Time since last request: 0.000029 seconds.
  path: Assets/Hovl Studio/Procedural fire/URP and HDRP/How to change rendering pipeline.png
  artifactKey: Guid(e7ccd183c307b23438d784153ab85448) Importer(2089858483,192608db42251d675da83286b1cce702)
Start importing Assets/Hovl Studio/Procedural fire/URP and HDRP/How to change rendering pipeline.png using Guid(e7ccd183c307b23438d784153ab85448) Importer(2089858483,192608db42251d675da83286b1cce702) (ScriptedImporter) -> (artifact id: 'ecdee9880699ee99c284b9a3f8f7c3ef') in 0.0135407 seconds
Number of updated asset objects reloaded before import = 0Number of asset objects unloaded after import = 1

========================================================================
Received Import Request.
  Time since last request: 0.000017 seconds.
  path: Assets/Hovl Studio/Procedural fire/Textures/Trail67.png
  artifactKey: Guid(c4f655f5d01f55547a23a546b58afd04) Importer(2089858483,192608db42251d675da83286b1cce702)
Start importing Assets/Hovl Studio/Procedural fire/Textures/Trail67.png using Guid(c4f655f5d01f55547a23a546b58afd04) Importer(2089858483,192608db42251d675da83286b1cce702) (ScriptedImporter) -> (artifact id: '4613925be424c6523af80bba85158aa7') in 0.0156592 seconds
Number of updated asset objects reloaded before import = 0Number of asset objects unloaded after import = 1

========================================================================
Received Import Request.
  Time since last request: 0.000016 seconds.
  path: Assets/GalaxyBox2/Resources/Skybox2_8/SkyboxX-.png
  artifactKey: Guid(b54979a3ebb914f13905f0a0ae9b8fe6) Importer(2089858483,192608db42251d675da83286b1cce702)
Start importing Assets/GalaxyBox2/Resources/Skybox2_8/SkyboxX-.png using Guid(b54979a3ebb914f13905f0a0ae9b8fe6) Importer(2089858483,192608db42251d675da83286b1cce702) (ScriptedImporter) -> (artifact id: 'b323178d79e58ccc36c88b8d3cb48da8') in 0.0102063 seconds
Number of updated asset objects reloaded before import = 0Number of asset objects unloaded after import = 1

========================================================================
Received Import Request.
  Time since last request: 0.000018 seconds.
  path: Assets/GalaxyBox2/Resources/Skybox2_6/skyboxZ-.png
  artifactKey: Guid(b0ada3bfc11191647ab9da3aaf4e976f) Importer(2089858483,192608db42251d675da83286b1cce702)
Start importing Assets/GalaxyBox2/Resources/Skybox2_6/skyboxZ-.png using Guid(b0ada3bfc11191647ab9da3aaf4e976f) Importer(2089858483,192608db42251d675da83286b1cce702) (ScriptedImporter) -> (artifact id: 'bd044f835e504b3860ceb189dc309136') in 0.0165617 seconds
Number of updated asset objects reloaded before import = 0Number of asset objects unloaded after import = 1

========================================================================
Received Import Request.
  Time since last request: 0.000032 seconds.
  path: Assets/GalaxyBox2/Resources/Skybox2_3/Skybox2_3.mat
  artifactKey: Guid(ef482af74813ee94c89c3e637f49903e) Importer(2089858483,192608db42251d675da83286b1cce702)
Start importing Assets/GalaxyBox2/Resources/Skybox2_3/Skybox2_3.mat using Guid(ef482af74813ee94c89c3e637f49903e) Importer(2089858483,192608db42251d675da83286b1cce702) (ScriptedImporter) -> (artifact id: '3c3b11a7e465c36b9436cfd1261f9a53') in 0.0428179 seconds
Number of updated asset objects reloaded before import = 0Number of asset objects unloaded after import = 7

========================================================================
Received Import Request.
  Time since last request: 0.000017 seconds.
  path: Assets/Objects/starsparrow_fbx/Textures/StarSparrow_Specular.png
  artifactKey: Guid(26d058f921bb6e34b9c614e28a794e92) Importer(2089858483,192608db42251d675da83286b1cce702)
Start importing Assets/Objects/starsparrow_fbx/Textures/StarSparrow_Specular.png using Guid(26d058f921bb6e34b9c614e28a794e92) Importer(2089858483,192608db42251d675da83286b1cce702) (ScriptedImporter) -> (artifact id: '702e203510a68f4c404a9c200da88bd6') in 0.0130003 seconds
Number of updated asset objects reloaded before import = 0Number of asset objects unloaded after import = 1

========================================================================
Received Import Request.
  Time since last request: 0.000016 seconds.
  path: Assets/Objects/starsparrow_fbx/Textures/StarSparrow_Green.png
  artifactKey: Guid(8fe5ac75c942c7d459e90a7cefd23cde) Importer(2089858483,192608db42251d675da83286b1cce702)
Start importing Assets/Objects/starsparrow_fbx/Textures/StarSparrow_Green.png using Guid(8fe5ac75c942c7d459e90a7cefd23cde) Importer(2089858483,192608db42251d675da83286b1cce702) (ScriptedImporter) -> (artifact id: 'ec658302cd8be00bd2db46f89d454198') in 0.014672 seconds
Number of updated asset objects reloaded before import = 0Number of asset objects unloaded after import = 1

========================================================================
Received Import Request.
  Time since last request: 0.000023 seconds.
  path: Assets/Objects/starsparrow_fbx/Textures/StarSparrow_Red.png
  artifactKey: Guid(1e5626c02628fdc4088ad8a0da34a08b) Importer(2089858483,192608db42251d675da83286b1cce702)
Start importing Assets/Objects/starsparrow_fbx/Textures/StarSparrow_Red.png using Guid(1e5626c02628fdc4088ad8a0da34a08b) Importer(2089858483,192608db42251d675da83286b1cce702) (ScriptedImporter) -> (artifact id: '86f63b7379efd6d16494be8cdd5c32ff') in 0.0150965 seconds
Number of updated asset objects reloaded before import = 0Number of asset objects unloaded after import = 1

========================================================================
Received Import Request.
  Time since last request: 0.000027 seconds.
  path: Assets/GalaxyBox2/Resources/Skybox2_7/Skybox2_7.mat
  artifactKey: Guid(3f1f4e24d3ab32c4da71a2d6c5e19669) Importer(2089858483,192608db42251d675da83286b1cce702)
Start importing Assets/GalaxyBox2/Resources/Skybox2_7/Skybox2_7.mat using Guid(3f1f4e24d3ab32c4da71a2d6c5e19669) Importer(2089858483,192608db42251d675da83286b1cce702) (ScriptedImporter) -> (artifact id: 'e70761810bbd60c60577023d475e0ec2') in 0.0222629 seconds
Number of updated asset objects reloaded before import = 0Number of asset objects unloaded after import = 7

========================================================================
Received Import Request.
  Time since last request: 0.000022 seconds.
  path: Assets/Objects/starsparrow_fbx/Textures/StarSparrow_Grey.png
  artifactKey: Guid(d3b54fd0e8aebb441a84835a0888f724) Importer(2089858483,192608db42251d675da83286b1cce702)
Start importing Assets/Objects/starsparrow_fbx/Textures/StarSparrow_Grey.png using Guid(d3b54fd0e8aebb441a84835a0888f724) Importer(2089858483,192608db42251d675da83286b1cce702) (ScriptedImporter) -> (artifact id: 'e91a6b6b4d46ea11e6458bc0c8447b46') in 0.0125885 seconds
Number of updated asset objects reloaded before import = 0Number of asset objects unloaded after import = 1

========================================================================
Received Import Request.
  Time since last request: 0.000014 seconds.
  path: Assets/GalaxyBox2/Resources/Skybox2_6/Skybox2_6.mat
  artifactKey: Guid(1b24ead204bed7242bceff89e5859123) Importer(2089858483,192608db42251d675da83286b1cce702)
Start importing Assets/GalaxyBox2/Resources/Skybox2_6/Skybox2_6.mat using Guid(1b24ead204bed7242bceff89e5859123) Importer(2089858483,192608db42251d675da83286b1cce702) (ScriptedImporter) -> (artifact id: 'fb36481f61ae0cf6d734f12721a6cc1d') in 0.0185356 seconds
Number of updated asset objects reloaded before import = 0Number of asset objects unloaded after import = 7

========================================================================
Received Import Request.
  Time since last request: 0.000021 seconds.
  path: Assets/Scripts/Managers/SelectButton.cs
  artifactKey: Guid(30d1ec58423e248408cedb2cc76500c6) Importer(2089858483,192608db42251d675da83286b1cce702)
Start importing Assets/Scripts/Managers/SelectButton.cs using Guid(30d1ec58423e248408cedb2cc76500c6) Importer(2089858483,192608db42251d675da83286b1cce702) (ScriptedImporter) -> (artifact id: 'f31e701f9ecd2b96c0ea0928b3192823') in 0.0044187 seconds
Number of updated asset objects reloaded before import = 0Number of asset objects unloaded after import = 0

========================================================================
Received Import Request.
  Time since last request: 0.000036 seconds.
  path: Assets/Scripts/UI/GlobalConverters.cs
  artifactKey: Guid(876d6dea453dc884b9eb4b3311e8db60) Importer(2089858483,192608db42251d675da83286b1cce702)
Start importing Assets/Scripts/UI/GlobalConverters.cs using Guid(876d6dea453dc884b9eb4b3311e8db60) Importer(2089858483,192608db42251d675da83286b1cce702) (ScriptedImporter) -> (artifact id: '482a304f30497513282eaf5f8243dd92') in 0.005001 seconds
Number of updated asset objects reloaded before import = 0Number of asset objects unloaded after import = 0

========================================================================
Received Import Request.
  Time since last request: 0.000019 seconds.
  path: Assets/GalaxyBox2/Resources/Skybox2_3/skyboxZ+.png
  artifactKey: Guid(a8159b6b6c0e78e4aa7ffac54aabdfb1) Importer(2089858483,192608db42251d675da83286b1cce702)
Start importing Assets/GalaxyBox2/Resources/Skybox2_3/skyboxZ+.png using Guid(a8159b6b6c0e78e4aa7ffac54aabdfb1) Importer(2089858483,192608db42251d675da83286b1cce702) (ScriptedImporter) -> (artifact id: '4c3b8c63344ad78b1c4b0ac9d8ca1479') in 0.0101804 seconds
Number of updated asset objects reloaded before import = 0Number of asset objects unloaded after import = 1

========================================================================
Received Import Request.
  Time since last request: 0.000020 seconds.
  path: Assets/BreakableAsteroids/Textures/Rock14.mat
  artifactKey: Guid(08ccb3cdd65876c43a94da0419a284e1) Importer(2089858483,192608db42251d675da83286b1cce702)
Start importing Assets/BreakableAsteroids/Textures/Rock14.mat using Guid(08ccb3cdd65876c43a94da0419a284e1) Importer(2089858483,192608db42251d675da83286b1cce702) (ScriptedImporter) -> (artifact id: 'a825aac7f13f8f6884aa5eede74e3bb7') in 0.0238699 seconds
Number of updated asset objects reloaded before import = 0Number of asset objects unloaded after import = 5

========================================================================
Received Import Request.
  Time since last request: 0.000022 seconds.
  path: Assets/GalaxyBox2/Resources/Skybox2_2/SkyboxY+.png
  artifactKey: Guid(6245fe97b2be14d8abe899f953ff1c70) Importer(2089858483,192608db42251d675da83286b1cce702)
Start importing Assets/GalaxyBox2/Resources/Skybox2_2/SkyboxY+.png using Guid(6245fe97b2be14d8abe899f953ff1c70) Importer(2089858483,192608db42251d675da83286b1cce702) (ScriptedImporter) -> (artifact id: '2eee41394cb024b8c3c79f5e1bfb9d95') in 0.0128658 seconds
Number of updated asset objects reloaded before import = 0Number of asset objects unloaded after import = 1

========================================================================
Received Import Request.
  Time since last request: 0.000031 seconds.
  path: Assets/GalaxyBox2/Resources/Skybox2_5/SkyboxY+.png
  artifactKey: Guid(d4f66e719bda243ef89f7ac6864923e9) Importer(2089858483,192608db42251d675da83286b1cce702)
Start importing Assets/GalaxyBox2/Resources/Skybox2_5/SkyboxY+.png using Guid(d4f66e719bda243ef89f7ac6864923e9) Importer(2089858483,192608db42251d675da83286b1cce702) (ScriptedImporter) -> (artifact id: '68dedf5f0fff69bd1d65d019e05ed48e') in 0.0116826 seconds
Number of updated asset objects reloaded before import = 0Number of asset objects unloaded after import = 1

========================================================================
Received Import Request.
  Time since last request: 0.000015 seconds.
  path: Assets/Scenes/Main.unity
  artifactKey: Guid(99c9720ab356a0642a771bea13969a05) Importer(2089858483,192608db42251d675da83286b1cce702)
Start importing Assets/Scenes/Main.unity using Guid(99c9720ab356a0642a771bea13969a05) Importer(2089858483,192608db42251d675da83286b1cce702) (ScriptedImporter) -> (artifact id: 'a8782c6cc70a6f86cc2bcc3f62dcbbc3') in 0.0100083 seconds
Number of updated asset objects reloaded before import = 0Number of asset objects unloaded after import = 1

========================================================================
Received Import Request.
  Time since last request: 0.000017 seconds.
  path: Assets/GalaxyBox2/Resources/Skybox2_6/skyboxX+.png
  artifactKey: Guid(44385aa77603f9e47a06f645afe00df4) Importer(2089858483,192608db42251d675da83286b1cce702)
Start importing Assets/GalaxyBox2/Resources/Skybox2_6/skyboxX+.png using Guid(44385aa77603f9e47a06f645afe00df4) Importer(2089858483,192608db42251d675da83286b1cce702) (ScriptedImporter) -> (artifact id: 'dddea95e415c2a57f2d8690455c6d4b0') in 0.0136343 seconds
Number of updated asset objects reloaded before import = 0Number of asset objects unloaded after import = 1

========================================================================
Received Import Request.
  Time since last request: 0.000024 seconds.
  path: Assets/GalaxyBox2/Resources/Skybox2_7/SkyboxY-.png
  artifactKey: Guid(8d9fe911d4e494bde8d554b2973d6fb1) Importer(2089858483,192608db42251d675da83286b1cce702)
Start importing Assets/GalaxyBox2/Resources/Skybox2_7/SkyboxY-.png using Guid(8d9fe911d4e494bde8d554b2973d6fb1) Importer(2089858483,192608db42251d675da83286b1cce702) (ScriptedImporter) -> (artifact id: 'ee71daf825baa7c458dd210edc9b8271') in 0.0200088 seconds
Number of updated asset objects reloaded before import = 0Number of asset objects unloaded after import = 1

========================================================================
Received Import Request.
  Time since last request: 0.000034 seconds.
  path: Assets/Scripts/Enemies/Asteroid.cs
  artifactKey: Guid(86f356a77ff441347948931b109f5ed8) Importer(2089858483,192608db42251d675da83286b1cce702)
Start importing Assets/Scripts/Enemies/Asteroid.cs using Guid(86f356a77ff441347948931b109f5ed8) Importer(2089858483,192608db42251d675da83286b1cce702) (ScriptedImporter) -> (artifact id: '3016b806927a04ad55d2278c07e2fd95') in 0.0078896 seconds
Number of updated asset objects reloaded before import = 0Number of asset objects unloaded after import = 0

========================================================================
Received Import Request.
  Time since last request: 0.000022 seconds.
  path: Assets/Objects/starsparrow_fbx/Textures/Masks/StarSparrow_Mask4.png
  artifactKey: Guid(95775337498a0b24983b0ce441abf7de) Importer(2089858483,192608db42251d675da83286b1cce702)
Start importing Assets/Objects/starsparrow_fbx/Textures/Masks/StarSparrow_Mask4.png using Guid(95775337498a0b24983b0ce441abf7de) Importer(2089858483,192608db42251d675da83286b1cce702) (ScriptedImporter) -> (artifact id: 'e856d3bdcebc08904c28984f9c32a7b0') in 0.033035 seconds
Number of updated asset objects reloaded before import = 0Number of asset objects unloaded after import = 1

========================================================================
Received Import Request.
  Time since last request: 0.000020 seconds.
  path: Assets/GalaxyBox2/Resources/Skybox2_7/SkyboxZ-.png
  artifactKey: Guid(660e6633eebbf481da64e46a800f5a5a) Importer(2089858483,192608db42251d675da83286b1cce702)
Start importing Assets/GalaxyBox2/Resources/Skybox2_7/SkyboxZ-.png using Guid(660e6633eebbf481da64e46a800f5a5a) Importer(2089858483,192608db42251d675da83286b1cce702) (ScriptedImporter) -> (artifact id: '27793af3e187fdcd6cec511f99d01191') in 0.0256767 seconds
Number of updated asset objects reloaded before import = 0Number of asset objects unloaded after import = 1

========================================================================
Received Import Request.
  Time since last request: 0.000021 seconds.
  path: Assets/Hovl Studio/Procedural fire/Shaders/FireSphere.shader
  artifactKey: Guid(1d4a9c916d62a324e90c32798caf3f13) Importer(2089858483,192608db42251d675da83286b1cce702)
Start importing Assets/Hovl Studio/Procedural fire/Shaders/FireSphere.shader using Guid(1d4a9c916d62a324e90c32798caf3f13) Importer(2089858483,192608db42251d675da83286b1cce702) (ScriptedImporter) -> (artifact id: 'f90994646a8b6d76e920210944e5eb52') in 0.0104901 seconds
Number of updated asset objects reloaded before import = 0Number of asset objects unloaded after import = 1

========================================================================
Received Import Request.
  Time since last request: 0.000023 seconds.
  path: Assets/Scripts/Input/PlayerControls.inputactions
  artifactKey: Guid(4eb8a3a0b5686df48890788feffd7c83) Importer(2089858483,192608db42251d675da83286b1cce702)
Start importing Assets/Scripts/Input/PlayerControls.inputactions using Guid(4eb8a3a0b5686df48890788feffd7c83) Importer(2089858483,192608db42251d675da83286b1cce702) (ScriptedImporter) -> (artifact id: '42d5f39959739a282714141a43732ca5') in 0.1949883 seconds
Number of updated asset objects reloaded before import = 0Number of asset objects unloaded after import = 7

========================================================================
Received Import Request.
  Time since last request: 0.000020 seconds.
  path: Assets/BreakableAsteroids/Textures/Rock016_2K_Normal.png
  artifactKey: Guid(755c5bc66e0a30943bead50cb21f617a) Importer(2089858483,192608db42251d675da83286b1cce702)
Start importing Assets/BreakableAsteroids/Textures/Rock016_2K_Normal.png using Guid(755c5bc66e0a30943bead50cb21f617a) Importer(2089858483,192608db42251d675da83286b1cce702) (ScriptedImporter) -> (artifact id: '2d3589032ff024d34afe7e2c7e67f13d') in 0.0133986 seconds
Number of updated asset objects reloaded before import = 0Number of asset objects unloaded after import = 1

========================================================================
Received Import Request.
  Time since last request: 0.000023 seconds.
  path: Assets/BreakableAsteroids/Asteroids/RockFracture6.prefab
  artifactKey: Guid(a024271adb4d00a43904106a318d260c) Importer(2089858483,192608db42251d675da83286b1cce702)
Start importing Assets/BreakableAsteroids/Asteroids/RockFracture6.prefab using Guid(a024271adb4d00a43904106a318d260c) Importer(2089858483,192608db42251d675da83286b1cce702) (ScriptedImporter) -> (artifact id: 'f152e86d527b1e49e28d94f19e575acf') in 0.0352498 seconds
Number of updated asset objects reloaded before import = 0Number of asset objects unloaded after import = 746

========================================================================
Received Import Request.
  Time since last request: 0.000021 seconds.
  path: Assets/Hovl Studio/Procedural fire/Textures/FireSphere2.png
  artifactKey: Guid(a52c2b00382a3264cbea32cfc2c36b34) Importer(2089858483,192608db42251d675da83286b1cce702)
Start importing Assets/Hovl Studio/Procedural fire/Textures/FireSphere2.png using Guid(a52c2b00382a3264cbea32cfc2c36b34) Importer(2089858483,192608db42251d675da83286b1cce702) (ScriptedImporter) -> (artifact id: '3c938c0b21be5346d49ad5918cfed4e0') in 0.0143407 seconds
Number of updated asset objects reloaded before import = 0Number of asset objects unloaded after import = 1

========================================================================
Received Import Request.
  Time since last request: 0.000015 seconds.
  path: Assets/Sounds/Effects/EngineStart.asset
  artifactKey: Guid(6823ae6dd6cd0de40b456b2ef7f709ba) Importer(2089858483,192608db42251d675da83286b1cce702)
Start importing Assets/Sounds/Effects/EngineStart.asset using Guid(6823ae6dd6cd0de40b456b2ef7f709ba) Importer(2089858483,192608db42251d675da83286b1cce702) (ScriptedImporter) -> (artifact id: 'd0c93f0199ca612bad86b3a25ae90399') in 0.007118 seconds
Number of updated asset objects reloaded before import = 0Number of asset objects unloaded after import = 2

========================================================================
Received Import Request.
  Time since last request: 0.000023 seconds.
  path: Assets/BreakableAsteroids/Asteroids/Rock6.prefab
  artifactKey: Guid(a7650c1ce3d21654ebf92d7ebf494bfc) Importer(2089858483,192608db42251d675da83286b1cce702)
Start importing Assets/BreakableAsteroids/Asteroids/Rock6.prefab using Guid(a7650c1ce3d21654ebf92d7ebf494bfc) Importer(2089858483,192608db42251d675da83286b1cce702) (ScriptedImporter) -> (artifact id: 'f56c248b668a422ef58a10a665c04792') in 0.0616244 seconds
Number of updated asset objects reloaded before import = 0Number of asset objects unloaded after import = 755

========================================================================
Received Import Request.
  Time since last request: 0.000034 seconds.
  path: Assets/Objects/starsparrow_fbx/Textures/Masks/StarSparrow_Mask1.png
  artifactKey: Guid(a8f06422d504eb2479e201f457f7809e) Importer(2089858483,192608db42251d675da83286b1cce702)
Start importing Assets/Objects/starsparrow_fbx/Textures/Masks/StarSparrow_Mask1.png using Guid(a8f06422d504eb2479e201f457f7809e) Importer(2089858483,192608db42251d675da83286b1cce702) (ScriptedImporter) -> (artifact id: '1d0b80ef546bd4c2eb8e742d1e02b548') in 0.0157391 seconds
Number of updated asset objects reloaded before import = 0Number of asset objects unloaded after import = 1

========================================================================
Received Import Request.
  Time since last request: 0.000016 seconds.
  path: Assets/Sounds/Music/StockTune-Midnight Neon Drive_1725976149.mp3
  artifactKey: Guid(218d1851baf5a7f4f9fdf3dfd101cd56) Importer(2089858483,192608db42251d675da83286b1cce702)
Start importing Assets/Sounds/Music/StockTune-Midnight Neon Drive_1725976149.mp3 using Guid(218d1851baf5a7f4f9fdf3dfd101cd56) Importer(2089858483,192608db42251d675da83286b1cce702) (ScriptedImporter) -> (artifact id: 'dc67c2222aa530f903701af8cdc4ad71') in 0.0351973 seconds
Number of updated asset objects reloaded before import = 0Number of asset objects unloaded after import = 1

========================================================================
Received Import Request.
  Time since last request: 0.000021 seconds.
  path: Assets/BreakableAsteroids/Asteroids/Rock5.prefab
  artifactKey: Guid(1b25ec5b3aa236f49bb4e00c0b8a5efe) Importer(2089858483,192608db42251d675da83286b1cce702)
Start importing Assets/BreakableAsteroids/Asteroids/Rock5.prefab using Guid(1b25ec5b3aa236f49bb4e00c0b8a5efe) Importer(2089858483,192608db42251d675da83286b1cce702) (ScriptedImporter) -> (artifact id: '78931692a7a6260567cac7be7a0e58f8') in 0.0364568 seconds
Number of updated asset objects reloaded before import = 0Number of asset objects unloaded after import = 727

========================================================================
Received Import Request.
  Time since last request: 0.000030 seconds.
  path: Assets/BreakableAsteroids/Textures/Rock33.mat
  artifactKey: Guid(a3c7d8a6513dbd14ab14a6d6a2bbe488) Importer(2089858483,192608db42251d675da83286b1cce702)
Start importing Assets/BreakableAsteroids/Textures/Rock33.mat using Guid(a3c7d8a6513dbd14ab14a6d6a2bbe488) Importer(2089858483,192608db42251d675da83286b1cce702) (ScriptedImporter) -> (artifact id: '07bc125fb11b80bf47433feb4d28044c') in 0.0244856 seconds
Number of updated asset objects reloaded before import = 0Number of asset objects unloaded after import = 5

========================================================================
Received Import Request.
  Time since last request: 0.000028 seconds.
  path: Assets/Scripts/Input/MenuActions.inputactions
  artifactKey: Guid(6a3ec4ab790bb59419e328e96031c4e5) Importer(2089858483,192608db42251d675da83286b1cce702)
Start importing Assets/Scripts/Input/MenuActions.inputactions using Guid(6a3ec4ab790bb59419e328e96031c4e5) Importer(2089858483,192608db42251d675da83286b1cce702) (ScriptedImporter) -> (artifact id: 'dfc36e37ddd5d0d922e7905e5a7e6670') in 0.0079133 seconds
Number of updated asset objects reloaded before import = 0Number of asset objects unloaded after import = 4

========================================================================
Received Import Request.
  Time since last request: 0.000017 seconds.
  path: Assets/Objects/starsparrow_fbx/StarSparrow09.fbx
  artifactKey: Guid(a23ecfa60867b9e44b84e2101a565f54) Importer(2089858483,192608db42251d675da83286b1cce702)
Start importing Assets/Objects/starsparrow_fbx/StarSparrow09.fbx using Guid(a23ecfa60867b9e44b84e2101a565f54) Importer(2089858483,192608db42251d675da83286b1cce702) (ScriptedImporter) -> (artifact id: '04cf438e5df84298ee5c142ff9eb27c7') in 0.0149271 seconds
Number of updated asset objects reloaded before import = 0Number of asset objects unloaded after import = 7

========================================================================
Received Import Request.
  Time since last request: 0.000015 seconds.
  path: Assets/Unity.VisualScripting.Generated/VisualScripting.Flow/UnitOptions.db
  artifactKey: Guid(f8fdcd33eab63334da52c812c083ffc8) Importer(2089858483,192608db42251d675da83286b1cce702)
Start importing Assets/Unity.VisualScripting.Generated/VisualScripting.Flow/UnitOptions.db using Guid(f8fdcd33eab63334da52c812c083ffc8) Importer(2089858483,192608db42251d675da83286b1cce702) (ScriptedImporter) -> (artifact id: '8b91d484b3eaa5c04ef1c41120ace6b5') in 0.0039968 seconds
Number of updated asset objects reloaded before import = 0Number of asset objects unloaded after import = 1

========================================================================
Received Import Request.
  Time since last request: 0.000029 seconds.
  path: Assets/BreakableAsteroids/Textures/Rock033_2K_Normal.png
  artifactKey: Guid(2e032f9af0c43c541b2e123e972e533a) Importer(2089858483,192608db42251d675da83286b1cce702)
Start importing Assets/BreakableAsteroids/Textures/Rock033_2K_Normal.png using Guid(2e032f9af0c43c541b2e123e972e533a) Importer(2089858483,192608db42251d675da83286b1cce702) (ScriptedImporter) -> (artifact id: 'a012908bda7b822e7b0122aca1b95d64') in 0.013325 seconds
Number of updated asset objects reloaded before import = 0Number of asset objects unloaded after import = 1

========================================================================
Received Import Request.
  Time since last request: 11652.209469 seconds.
  path: Assets/Scenes/Main/ReflectionProbe-0.exr
  artifactKey: Guid(528d3914beb3d7a4c81ff108626b8a84) Importer(2089858483,192608db42251d675da83286b1cce702)
Start importing Assets/Scenes/Main/ReflectionProbe-0.exr using Guid(528d3914beb3d7a4c81ff108626b8a84) Importer(2089858483,192608db42251d675da83286b1cce702) (ScriptedImporter) -> (artifact id: '7d18933c37ff987672125dd17c8c09b5') in 0.0643796 seconds
Number of updated asset objects reloaded before import = 0Number of asset objects unloaded after import = 1

========================================================================
Received Import Request.
  Time since last request: 14.477627 seconds.
  path: Assets/Prefabs/Player/Bullets/Engine.asset
  artifactKey: Guid(82c8984d4d19dc84ab97fa64ac6d0c26) Importer(2089858483,192608db42251d675da83286b1cce702)
Start importing Assets/Prefabs/Player/Bullets/Engine.asset using Guid(82c8984d4d19dc84ab97fa64ac6d0c26) Importer(2089858483,192608db42251d675da83286b1cce702) (ScriptedImporter) -> (artifact id: '3502b5f87dc6d977ded35fa10f48a8e0') in 0.0159869 seconds
Number of updated asset objects reloaded before import = 0Number of asset objects unloaded after import = 1

========================================================================
Received Import Request.
  Time since last request: 0.000017 seconds.
  path: Assets/Scenes/Main.unity
  artifactKey: Guid(99c9720ab356a0642a771bea13969a05) Importer(2089858483,192608db42251d675da83286b1cce702)
Start importing Assets/Scenes/Main.unity using Guid(99c9720ab356a0642a771bea13969a05) Importer(2089858483,192608db42251d675da83286b1cce702) (ScriptedImporter) -> (artifact id: '83229ac2a3ce00b8047d8e373b4e1a52') in 0.0114262 seconds
Number of updated asset objects reloaded before import = 0Number of asset objects unloaded after import = 1

========================================================================
Received Prepare
Assembly reference Packages/com.unity.cinemachine/Editor/Samples/ExposeHDRPInternals/HDRP-Editor-ref.asmref has no target assembly definition
Assembly reference Packages/com.unity.cinemachine/Editor/Samples/ExposeHDRPInternals/HDRP-Editor-ref.asmref has no target assembly definition
Begin MonoManager ReloadAssembly
Duplicate assembly 'System.Runtime.CompilerServices.Unsafe.dll' with different versions detected, using 'Packages/com.unity.collections/Unity.Collections.Tests/System.Runtime.CompilerServices.Unsafe/System.Runtime.CompilerServices.Unsafe.dll, AssemblyName=System.Runtime.CompilerServices.Unsafe, Version=6.0.0.0, Culture=neutral, PublicKeyToken=b03f5f7f11d50a3a' and ignoring 'Packages/com.unity.ai.assistant/Plugins/Markdig/Dependencies/System.Runtime.CompilerServices.Unsafe.dll, AssemblyName=System.Runtime.CompilerServices.Unsafe, Version=4.0.6.0, Culture=neutral, PublicKeyToken=b03f5f7f11d50a3a'.Symbol file LoadedFromMemory is not a mono symbol file
- Loaded All Assemblies, in  1.374 seconds
Assembly reference Packages/com.unity.cinemachine/Editor/Samples/ExposeHDRPInternals/HDRP-Editor-ref.asmref has no target assembly definition
'Packages/com.unity.cinemachine/Editor/Obsolete/CinemachineVirtualCameraBaseEditor.cs' contains partial class of Unity.Object, exactly 1 of the partial classes needs to be in a file with the same filename. This is to know the one that can be referenced from ie. GameObjects
'Packages/com.unity.cinemachine/Editor/Editors/CinemachineVirtualCameraBaseEditor.cs' contains partial class of Unity.Object, exactly 1 of the partial classes needs to be in a file with the same filename. This is to know the one that can be referenced from ie. GameObjects
Refreshing native plugins compatible for Editor in 1.31 ms, found 3 plugins.
Native extension for UWP target not found
Native extension for WindowsStandalone target not found
Native extension for WebGL target not found
Assembly reference Packages/com.unity.cinemachine/Editor/Samples/ExposeHDRPInternals/HDRP-Editor-ref.asmref has no target assembly definition
[Package Manager] Failed to launch server process. Reason: Unity was launched with the -noUpm command-line argument
[Package Manager] Unable to send message (not connected to server process).
[Package Manager] Cannot connect to Unity Package Manager local server
System.Exception: Error! Visual Scripting: couldn't find visual scripting package
  at Unity.VisualScripting.PackageVersionUtility.get_version () [0x00043] in .\Library\PackageCache\com.unity.visualscripting@7dcdc439b230\Editor\VisualScripting.Core\Utilities\PackageVersionUtility.cs:31 
  at Unity.VisualScripting.BoltCoreManifest.get_version () [0x00000] in .\Library\PackageCache\com.unity.visualscripting@7dcdc439b230\Editor\VisualScripting.Core\Plugin\BoltCoreManifest.cs:11 
  at Unity.VisualScripting.PluginManifest.get_currentVersion () [0x00000] in .\Library\PackageCache\com.unity.visualscripting@7dcdc439b230\Editor\VisualScripting.Core\Plugins\PluginManifest.cs:33 
  at Unity.VisualScripting.PluginManifest.get_versionMismatch () [0x00000] in .\Library\PackageCache\com.unity.visualscripting@7dcdc439b230\Editor\VisualScripting.Core\Plugins\PluginManifest.cs:48 
  at Unity.VisualScripting.PluginContainer.Initialize () [0x00525] in .\Library\PackageCache\com.unity.visualscripting@7dcdc439b230\Editor\VisualScripting.Core\Plugins\PluginContainer.cs:208 
  at Unity.VisualScripting.PluginContainer.InitializeOnLoad () [0x00009] in .\Library\PackageCache\com.unity.visualscripting@7dcdc439b230\Editor\VisualScripting.Core\Plugins\PluginContainer.cs:32 
  at Unity.VisualScripting.VSUsageUtility.DoInitializeOnLoadCalls () [0x00034] in .\Library\PackageCache\com.unity.visualscripting@7dcdc439b230\Editor\VisualScripting.Core\Utilities\VSUsageUtility.cs:76 
  at Unity.VisualScripting.VSUsageUtility.set_isVisualScriptingUsed (System.Boolean value) [0x0002c] in .\Library\PackageCache\com.unity.visualscripting@7dcdc439b230\Editor\VisualScripting.Core\Utilities\VSUsageUtility.cs:114 
  at Unity.VisualScripting.VSUsageUtility.CheckAndSetIsVisualScriptingUsed () [0x0000d] in .\Library\PackageCache\com.unity.visualscripting@7dcdc439b230\Editor\VisualScripting.Core\Utilities\VSUsageUtility.cs:33 
  at Unity.VisualScripting.VSUsageUtility..cctor () [0x00000] in .\Library\PackageCache\com.unity.visualscripting@7dcdc439b230\Editor\VisualScripting.Core\Utilities\VSUsageUtility.cs:22 
UnityEngine.Debug:ExtractStackTraceNoAlloc (byte*,int,string)
UnityEngine.StackTraceUtility:ExtractStackTrace ()
UnityEngine.DebugLogHandler:Internal_Log (UnityEngine.LogType,UnityEngine.LogOption,string,UnityEngine.Object)
UnityEngine.DebugLogHandler:LogFormat (UnityEngine.LogType,UnityEngine.Object,string,object[])
UnityEngine.Logger:Log (UnityEngine.LogType,object)
UnityEngine.Debug:LogError (object)
UnityEditor.EditorAssemblies:ProcessInitializeOnLoadAttributes (System.Type[])

Mono: successfully reloaded assembly
- Finished resetting the current domain, in  1.451 seconds
Domain Reload Profiling: 2826ms
	BeginReloadAssembly (596ms)
		ExecutionOrderSort (0ms)
		DisableScriptedObjects (26ms)
		BackupInstance (0ms)
		ReleaseScriptingObjects (1ms)
		CreateAndSetChildDomain (291ms)
	RebuildCommonClasses (37ms)
	RebuildNativeTypeToScriptingClass (11ms)
	initialDomainReloadingComplete (37ms)
	LoadAllAssembliesAndSetupDomain (694ms)
		LoadAssemblies (506ms)
		RebuildTransferFunctionScriptingTraits (0ms)
		AnalyzeDomain (311ms)
			TypeCache.Refresh (9ms)
				TypeCache.ScanAssembly (0ms)
			BuildScriptInfoCaches (283ms)
			ResolveRequiredComponents (11ms)
	FinalizeReload (1452ms)
		ReleaseScriptCaches (0ms)
		RebuildScriptCaches (0ms)
		SetupLoadedEditorAssemblies (883ms)
			LogAssemblyErrors (0ms)
			InitializePlatformSupportModulesInManaged (3ms)
			SetLoadedEditorAssemblies (5ms)
			BeforeProcessingInitializeOnLoad (142ms)
			ProcessInitializeOnLoadAttributes (625ms)
			ProcessInitializeOnLoadMethodAttributes (101ms)
			AfterProcessingInitializeOnLoad (7ms)
			EditorAssembliesLoaded (0ms)
		ExecutionOrderSort2 (0ms)
		AwakeInstancesAfterBackupRestoration (22ms)
Refreshing native plugins compatible for Editor in 1.59 ms, found 3 plugins.
Preloading 0 native plugins for Editor in 0.00 ms.
Unloading 26 Unused Serialized files (Serialized files now loaded: 0)
Unloading 7593 unused Assets / (5.4 MB). Loaded Objects now: 10318.
Memory consumption went from 229.4 MB to 224.0 MB.
Total: 23.651500 ms (FindLiveObjects: 0.842300 ms CreateObjectMapping: 1.098000 ms MarkObjects: 18.443200 ms  DeleteObjects: 3.266900 ms)

Prepare: number of updated asset objects reloaded= 0
========================================================================
Received Import Request.
  Time since last request: 64.899193 seconds.
  path: Assets/Scenes/Main.unity
  artifactKey: Guid(99c9720ab356a0642a771bea13969a05) Importer(2089858483,192608db42251d675da83286b1cce702)
Start importing Assets/Scenes/Main.unity using Guid(99c9720ab356a0642a771bea13969a05) Importer(2089858483,192608db42251d675da83286b1cce702) (ScriptedImporter) -> (artifact id: '2a11e99a14d9215adc6319310fd660d6') in 0.1231236 seconds
Number of updated asset objects reloaded before import = 0Number of asset objects unloaded after import = 1

========================================================================
Received Import Request.
  Time since last request: 15.298102 seconds.
  path: Assets/Hovl Studio/Procedural fire/Demo scene/Concrete slab_Height.png
  artifactKey: Guid(db368c1c85b12fe48aba6cc9bcd41f43) Importer(815301076,1909f56bfc062723c751e8b465ee728b)
Start importing Assets/Hovl Studio/Procedural fire/Demo scene/Concrete slab_Height.png using Guid(db368c1c85b12fe48aba6cc9bcd41f43) Importer(815301076,1909f56bfc062723c751e8b465ee728b) (PreviewImporter) -> (artifact id: '6b29b95607522b3997a6449b4eb79635') in 0.0882061 seconds
Number of updated asset objects reloaded before import = 0Number of asset objects unloaded after import = 2

========================================================================
Received Import Request.
  Time since last request: 0.000021 seconds.
  path: Assets/Hovl Studio/Procedural fire/Demo scene/ReflectionProbe-1.exr
  artifactKey: Guid(6cd5e7294f0f7be4aa89e131da9505b4) Importer(815301076,1909f56bfc062723c751e8b465ee728b)
Start importing Assets/Hovl Studio/Procedural fire/Demo scene/ReflectionProbe-1.exr using Guid(6cd5e7294f0f7be4aa89e131da9505b4) Importer(815301076,1909f56bfc062723c751e8b465ee728b) (PreviewImporter) -> (artifact id: '94eb32abc7625757e0b066479315fdea') in 0.5300843 seconds
Number of updated asset objects reloaded before import = 0Number of asset objects unloaded after import = 1

========================================================================
Received Import Request.
  Time since last request: 0.000040 seconds.
  path: Assets/Hovl Studio/Procedural fire/Demo scene/Concrete slab_Normal.png
  artifactKey: Guid(3a0dde7201a17f646865e8deeac56596) Importer(815301076,1909f56bfc062723c751e8b465ee728b)
Start importing Assets/Hovl Studio/Procedural fire/Demo scene/Concrete slab_Normal.png using Guid(3a0dde7201a17f646865e8deeac56596) Importer(815301076,1909f56bfc062723c751e8b465ee728b) (PreviewImporter) -> (artifact id: '6d35a1edfd7cf721b60379d7724b8921') in 0.0306648 seconds
Number of updated asset objects reloaded before import = 0Number of asset objects unloaded after import = 2

========================================================================
Received Import Request.
  Time since last request: 0.000029 seconds.
  path: Assets/Hovl Studio/Procedural fire/Demo scene/Lightmap-0_comp_light.exr
  artifactKey: Guid(9960b70afbb00c1468c54c31462b736a) Importer(815301076,1909f56bfc062723c751e8b465ee728b)
Start importing Assets/Hovl Studio/Procedural fire/Demo scene/Lightmap-0_comp_light.exr using Guid(9960b70afbb00c1468c54c31462b736a) Importer(815301076,1909f56bfc062723c751e8b465ee728b) (PreviewImporter) -> (artifact id: '215c0bd31850c9e6369833a42adeb122') in 0.0169343 seconds
Number of updated asset objects reloaded before import = 0Number of asset objects unloaded after import = 2

Editor requested this worker to shutdown with reason: Scaling down because of idle timeout
AssetImportWorker is now disconnected from the server
Process exiting
Exiting without the bug reporter. Application will terminate with return code 0