Using pre-set license
Built from '6000.2/respin/6000.2.0b2-d4c40f50eb81' branch; Version is '6000.2.0b2 (2bdac9ac0d74) revision 2874057'; Using compiler version '194234433'; Build Type 'Release'
OS: 'Windows 11  (10.0.26100) 64bit Professional' Language: 'pt' Physical Memory: 16229 MB
BatchMode: 1, IsHumanControllingUs: 0, StartBugReporterOnCrash: 0, Is64bit: 1
Date: 2025-05-23T20:10:51Z

COMMAND LINE ARGUMENTS:
C:\Program Files\Unity\6000.2.0b2\Editor\Unity.exe
-adb2
-batchMode
-noUpm
-name
AssetImportWorker9
-projectPath
D:/Lucas/Estudos/Dev/Unity/Projeto_Mila
-logFile
Logs/AssetImportWorker9.log
-srvPort
61495
-job-worker-count
5
-background-job-worker-count
8
-gc-helper-count
1
-name
AssetImport
Successfully changed project path to: D:/Lucas/Estudos/Dev/Unity/Projeto_Mila
D:/Lucas/Estudos/Dev/Unity/Projeto_Mila
[UnityMemory] Configuration Parameters - Can be set up in boot.config
    "memorysetup-allocator-temp-initial-block-size-main=262144"
    "memorysetup-allocator-temp-initial-block-size-worker=262144"
    "memorysetup-bucket-allocator-granularity=16"
    "memorysetup-bucket-allocator-bucket-count=8"
    "memorysetup-bucket-allocator-block-size=33554432"
    "memorysetup-bucket-allocator-block-count=8"
    "memorysetup-main-allocator-block-size=16777216"
    "memorysetup-thread-allocator-block-size=16777216"
    "memorysetup-gfx-main-allocator-block-size=16777216"
    "memorysetup-gfx-thread-allocator-block-size=16777216"
    "memorysetup-cache-allocator-block-size=4194304"
    "memorysetup-typetree-allocator-block-size=2097152"
    "memorysetup-profiler-bucket-allocator-granularity=16"
    "memorysetup-profiler-bucket-allocator-bucket-count=8"
    "memorysetup-profiler-bucket-allocator-block-size=33554432"
    "memorysetup-profiler-bucket-allocator-block-count=8"
    "memorysetup-profiler-allocator-block-size=16777216"
    "memorysetup-profiler-editor-allocator-block-size=1048576"
    "memorysetup-temp-allocator-size-main=16777216"
    "memorysetup-job-temp-allocator-block-size=2097152"
    "memorysetup-job-temp-allocator-block-size-background=1048576"
    "memorysetup-job-temp-allocator-reduction-small-platforms=262144"
    "memorysetup-temp-allocator-size-background-worker=32768"
    "memorysetup-temp-allocator-size-job-worker=262144"
    "memorysetup-temp-allocator-size-preload-manager=33554432"
    "memorysetup-temp-allocator-size-nav-mesh-worker=65536"
    "memorysetup-temp-allocator-size-audio-worker=65536"
    "memorysetup-temp-allocator-size-cloud-worker=32768"
    "memorysetup-temp-allocator-size-gi-baking-worker=262144"
    "memorysetup-temp-allocator-size-gi-baking-worker=262144"
    "memorysetup-temp-allocator-size-gi-baking-worker=262144"
    "memorysetup-temp-allocator-size-gi-baking-worker=262144"
    "memorysetup-temp-allocator-size-gi-baking-worker=262144"
    "memorysetup-temp-allocator-size-gfx=262144"
Player connection [29396]  Target information:

Player connection [29396]  * "[IP] 192.168.1.103 [Port] 0 [Flags] 2 [Guid] 1675776223 [EditorId] 1675776223 [Version] 1048832 [Id] WindowsEditor(7,DESKTOP-KL4VHS6) [Debug] 1 [PackageName] WindowsEditor [ProjectName] Editor" 

Player connection [29396] Host joined multi-casting on [225.0.0.222:54997]...
Player connection [29396] Host joined alternative multi-casting on [225.0.0.222:34997]...
JobSystem: Creating JobQueue using job-worker-count value 5
Input System module state changed to: Initialized.
[Physics::Module] Initialized fallback backend.
[Physics::Module] Id: 0xdecafbad
Library Redirect Path: Library/
[Physics::Module] Selected backend.
[Physics::Module] Name: PhysX
[Physics::Module] Id: 0xf2b8ea05
[Physics::Module] SDK Version: 4.1.2
[Physics::Module] Integration Version: 1.0.0
[Physics::Module] Threading Mode: Multi-Threaded
Refreshing native plugins compatible for Editor in 1.60 ms, found 2 plugins.
Preloading 0 native plugins for Editor in 0.00 ms.
Initialize engine version: 6000.2.0b2 (2bdac9ac0d74)
[Subsystems] Discovering subsystems at path C:/Program Files/Unity/6000.2.0b2/Editor/Data/Resources/UnitySubsystems
[Subsystems] Discovering subsystems at path D:/Lucas/Estudos/Dev/Unity/Projeto_Mila/Assets
GfxDevice: creating device client; kGfxThreadingModeNonThreaded
Direct3D:
    Version:  Direct3D 11.0 [level 11.1]
    Renderer: AMD Radeon RX 6700 XT (ID=0x73df)
    Vendor:   ATI
    VRAM:     12217 MB
    Driver:   32.0.12033.1030
Initialize mono
Mono path[0] = 'C:/Program Files/Unity/6000.2.0b2/Editor/Data/Managed'
Mono path[1] = 'C:/Program Files/Unity/6000.2.0b2/Editor/Data/MonoBleedingEdge/lib/mono/unityjit-win32'
Mono config path = 'C:/Program Files/Unity/6000.2.0b2/Editor/Data/MonoBleedingEdge/etc'
Using monoOptions --debugger-agent=transport=dt_socket,embedding=1,server=y,suspend=n,address=127.0.0.1:56700
Begin MonoManager ReloadAssembly
Registering precompiled unity dll's ...
Register platform support module: C:/Program Files/Unity/6000.2.0b2/Editor/Data/PlaybackEngines/WebGLSupport/UnityEditor.WebGL.Extensions.dll
Register platform support module: C:/Program Files/Unity/6000.2.0b2/Editor/Data/PlaybackEngines/WindowsStandaloneSupport/UnityEditor.WindowsStandalone.Extensions.dll
Register platform support module: C:/Program Files/Unity/6000.2.0b2/Editor/Data/PlaybackEngines/MetroSupport/UnityEditor.UWP.Extensions.dll
Registered in 0.004183 seconds.
- Loaded All Assemblies, in  0.437 seconds
Native extension for UWP target not found
Native extension for WindowsStandalone target not found
Native extension for WebGL target not found
Mono: successfully reloaded assembly
- Finished resetting the current domain, in  0.308 seconds
Domain Reload Profiling: 742ms
	BeginReloadAssembly (150ms)
		ExecutionOrderSort (0ms)
		DisableScriptedObjects (0ms)
		BackupInstance (0ms)
		ReleaseScriptingObjects (0ms)
		CreateAndSetChildDomain (1ms)
	RebuildCommonClasses (44ms)
	RebuildNativeTypeToScriptingClass (12ms)
	initialDomainReloadingComplete (58ms)
	LoadAllAssembliesAndSetupDomain (170ms)
		LoadAssemblies (144ms)
		RebuildTransferFunctionScriptingTraits (0ms)
		AnalyzeDomain (166ms)
			TypeCache.Refresh (165ms)
				TypeCache.ScanAssembly (153ms)
			BuildScriptInfoCaches (0ms)
			ResolveRequiredComponents (0ms)
	FinalizeReload (308ms)
		ReleaseScriptCaches (0ms)
		RebuildScriptCaches (0ms)
		SetupLoadedEditorAssemblies (269ms)
			LogAssemblyErrors (0ms)
			InitializePlatformSupportModulesInManaged (52ms)
			SetLoadedEditorAssemblies (3ms)
			BeforeProcessingInitializeOnLoad (54ms)
			ProcessInitializeOnLoadAttributes (111ms)
			ProcessInitializeOnLoadMethodAttributes (48ms)
			AfterProcessingInitializeOnLoad (0ms)
			EditorAssembliesLoaded (0ms)
		ExecutionOrderSort2 (0ms)
		AwakeInstancesAfterBackupRestoration (0ms)
Assembly reference Packages/com.unity.cinemachine/Editor/Samples/ExposeHDRPInternals/HDRP-Editor-ref.asmref has no target assembly definition
========================================================================
Worker process is ready to serve import requests
Import Worker Mode flag is 0x00
Assembly reference Packages/com.unity.cinemachine/Editor/Samples/ExposeHDRPInternals/HDRP-Editor-ref.asmref has no target assembly definition
Assembly reference Packages/com.unity.cinemachine/Editor/Samples/ExposeHDRPInternals/HDRP-Editor-ref.asmref has no target assembly definition
Begin MonoManager ReloadAssembly
Duplicate assembly 'System.Runtime.CompilerServices.Unsafe.dll' with different versions detected, using 'Packages/com.unity.collections/Unity.Collections.Tests/System.Runtime.CompilerServices.Unsafe/System.Runtime.CompilerServices.Unsafe.dll, AssemblyName=System.Runtime.CompilerServices.Unsafe, Version=6.0.0.0, Culture=neutral, PublicKeyToken=b03f5f7f11d50a3a' and ignoring 'Packages/com.unity.ai.assistant/Plugins/Markdig/Dependencies/System.Runtime.CompilerServices.Unsafe.dll, AssemblyName=System.Runtime.CompilerServices.Unsafe, Version=4.0.6.0, Culture=neutral, PublicKeyToken=b03f5f7f11d50a3a'.Symbol file LoadedFromMemory is not a mono symbol file
- Loaded All Assemblies, in  0.860 seconds
Assembly reference Packages/com.unity.cinemachine/Editor/Samples/ExposeHDRPInternals/HDRP-Editor-ref.asmref has no target assembly definition
'Packages/com.unity.cinemachine/Editor/Obsolete/CinemachineVirtualCameraBaseEditor.cs' contains partial class of Unity.Object, exactly 1 of the partial classes needs to be in a file with the same filename. This is to know the one that can be referenced from ie. GameObjects
'Packages/com.unity.cinemachine/Editor/Editors/CinemachineVirtualCameraBaseEditor.cs' contains partial class of Unity.Object, exactly 1 of the partial classes needs to be in a file with the same filename. This is to know the one that can be referenced from ie. GameObjects
Refreshing native plugins compatible for Editor in 0.92 ms, found 2 plugins.
Native extension for UWP target not found
Native extension for WindowsStandalone target not found
Native extension for WebGL target not found
Assembly reference Packages/com.unity.cinemachine/Editor/Samples/ExposeHDRPInternals/HDRP-Editor-ref.asmref has no target assembly definition
Package Manager log level set to [2]
[Package Manager] Failed to launch server process. Reason: Unity was launched with the -noUpm command-line argument
[Package Manager] Unable to send message (not connected to server process).
[Package Manager] Cannot connect to Unity Package Manager local server
[Package Manager] Failed to launch server process. Reason: Unity was launched with the -noUpm command-line argument
[Package Manager] Unable to send message (not connected to server process).
[Package Manager] Cannot connect to Unity Package Manager local server
Mono: successfully reloaded assembly
- Finished resetting the current domain, in  0.788 seconds
Domain Reload Profiling: 1644ms
	BeginReloadAssembly (171ms)
		ExecutionOrderSort (0ms)
		DisableScriptedObjects (6ms)
		BackupInstance (0ms)
		ReleaseScriptingObjects (0ms)
		CreateAndSetChildDomain (32ms)
	RebuildCommonClasses (34ms)
	RebuildNativeTypeToScriptingClass (10ms)
	initialDomainReloadingComplete (41ms)
	LoadAllAssembliesAndSetupDomain (600ms)
		LoadAssemblies (393ms)
		RebuildTransferFunctionScriptingTraits (0ms)
		AnalyzeDomain (303ms)
			TypeCache.Refresh (244ms)
				TypeCache.ScanAssembly (225ms)
			BuildScriptInfoCaches (45ms)
			ResolveRequiredComponents (9ms)
	FinalizeReload (789ms)
		ReleaseScriptCaches (0ms)
		RebuildScriptCaches (0ms)
		SetupLoadedEditorAssemblies (562ms)
			LogAssemblyErrors (0ms)
			InitializePlatformSupportModulesInManaged (2ms)
			SetLoadedEditorAssemblies (3ms)
			BeforeProcessingInitializeOnLoad (134ms)
			ProcessInitializeOnLoadAttributes (314ms)
			ProcessInitializeOnLoadMethodAttributes (102ms)
			AfterProcessingInitializeOnLoad (7ms)
			EditorAssembliesLoaded (0ms)
		ExecutionOrderSort2 (0ms)
		AwakeInstancesAfterBackupRestoration (6ms)
Launched and connected shader compiler UnityShaderCompiler.exe after 0.01 seconds
Refreshing native plugins compatible for Editor in 1.01 ms, found 2 plugins.
Preloading 0 native plugins for Editor in 0.00 ms.
Unloading 253 Unused Serialized files (Serialized files now loaded: 0)
Unloading 6020 unused Assets / (5.3 MB). Loaded Objects now: 8731.
Memory consumption went from 248.9 MB to 243.5 MB.
Total: 9.734600 ms (FindLiveObjects: 0.674100 ms CreateObjectMapping: 0.867000 ms MarkObjects: 5.719000 ms  DeleteObjects: 2.473800 ms)

========================================================================
Received Import Request.
  Time since last request: 303544.019882 seconds.
  path: Assets/Prefabs/Asteroids/Rock3.prefab
  artifactKey: Guid(7d98a3c47fca08e4a8ecbd00b9c32c36) Importer(815301076,1909f56bfc062723c751e8b465ee728b)
Start importing Assets/Prefabs/Asteroids/Rock3.prefab using Guid(7d98a3c47fca08e4a8ecbd00b9c32c36) Importer(815301076,1909f56bfc062723c751e8b465ee728b) (PreviewImporter) -> (artifact id: '204d062ccde32c097b2a260bf2839fe7') in 0.5895965 seconds
Number of updated asset objects reloaded before import = 0Number of asset objects unloaded after import = 722

========================================================================
Received Import Request.
  Time since last request: 0.333054 seconds.
  path: Assets/BreakableAsteroids/Textures/Rock14.mat
  artifactKey: Guid(08ccb3cdd65876c43a94da0419a284e1) Importer(2089858483,192608db42251d675da83286b1cce702)
Start importing Assets/BreakableAsteroids/Textures/Rock14.mat using Guid(08ccb3cdd65876c43a94da0419a284e1) Importer(2089858483,192608db42251d675da83286b1cce702) (ScriptedImporter) -> (artifact id: '09681bf63c90e6f71d1d83642a7054bd') in 0.1954707 seconds
Number of updated asset objects reloaded before import = 0Number of asset objects unloaded after import = 5

========================================================================
Received Import Request.
  Time since last request: 0.000050 seconds.
  path: Assets/BreakableAsteroids/Textures/Rock33.mat
  artifactKey: Guid(a3c7d8a6513dbd14ab14a6d6a2bbe488) Importer(2089858483,192608db42251d675da83286b1cce702)
Start importing Assets/BreakableAsteroids/Textures/Rock33.mat using Guid(a3c7d8a6513dbd14ab14a6d6a2bbe488) Importer(2089858483,192608db42251d675da83286b1cce702) (ScriptedImporter) -> (artifact id: '63623d9cc122ed20310d6014257f7611') in 0.0134816 seconds
Number of updated asset objects reloaded before import = 0Number of asset objects unloaded after import = 5

========================================================================
Received Import Request.
  Time since last request: 88.329685 seconds.
  path: Assets/BreakableAsteroids/Textures/Rock31.mat
  artifactKey: Guid(691b598e097e6f345b4aaad4d21eb87b) Importer(815301076,1909f56bfc062723c751e8b465ee728b)
Start importing Assets/BreakableAsteroids/Textures/Rock31.mat using Guid(691b598e097e6f345b4aaad4d21eb87b) Importer(815301076,1909f56bfc062723c751e8b465ee728b) (PreviewImporter) -> (artifact id: '13a55c0bf2dff5aefdbf940a49ef4dd2') in 0.0325737 seconds
Number of updated asset objects reloaded before import = 0Number of asset objects unloaded after import = 5

========================================================================
Received Import Request.
  Time since last request: 0.000029 seconds.
  path: Assets/BreakableAsteroids/Textures/Rock33.mat
  artifactKey: Guid(a3c7d8a6513dbd14ab14a6d6a2bbe488) Importer(815301076,1909f56bfc062723c751e8b465ee728b)
Start importing Assets/BreakableAsteroids/Textures/Rock33.mat using Guid(a3c7d8a6513dbd14ab14a6d6a2bbe488) Importer(815301076,1909f56bfc062723c751e8b465ee728b) (PreviewImporter) -> (artifact id: '1de91e4b229eefe8edab363fde7a4df8') in 0.0139821 seconds
Number of updated asset objects reloaded before import = 0Number of asset objects unloaded after import = 5

========================================================================
Received Import Request.
  Time since last request: 19.774283 seconds.
  path: Assets/Prefabs/Asteroids/Textures/Rock033_2K_AmbientOcclusion.png
  artifactKey: Guid(9d9b8e10bd38dd74c94cd1f3f7820ebe) Importer(2089858483,192608db42251d675da83286b1cce702)
Start importing Assets/Prefabs/Asteroids/Textures/Rock033_2K_AmbientOcclusion.png using Guid(9d9b8e10bd38dd74c94cd1f3f7820ebe) Importer(2089858483,192608db42251d675da83286b1cce702) (ScriptedImporter) -> (artifact id: '9f60a100b9f25fa98172641831bbddb7') in 0.0455348 seconds
Number of updated asset objects reloaded before import = 0Number of asset objects unloaded after import = 1

========================================================================
Received Import Request.
  Time since last request: 0.000023 seconds.
  path: Assets/Prefabs/Asteroids/Textures/Rock012_2K_Displacement.png
  artifactKey: Guid(f2c28c4b753efd24e87098e8aee49129) Importer(2089858483,192608db42251d675da83286b1cce702)
Start importing Assets/Prefabs/Asteroids/Textures/Rock012_2K_Displacement.png using Guid(f2c28c4b753efd24e87098e8aee49129) Importer(2089858483,192608db42251d675da83286b1cce702) (ScriptedImporter) -> (artifact id: '34859317b7056b45445826e7df514482') in 0.0086614 seconds
Number of updated asset objects reloaded before import = 0Number of asset objects unloaded after import = 1

========================================================================
Received Import Request.
  Time since last request: 0.000025 seconds.
  path: Assets/Prefabs/Asteroids/Textures/Rock14.mat
  artifactKey: Guid(08ccb3cdd65876c43a94da0419a284e1) Importer(2089858483,192608db42251d675da83286b1cce702)
Start importing Assets/Prefabs/Asteroids/Textures/Rock14.mat using Guid(08ccb3cdd65876c43a94da0419a284e1) Importer(2089858483,192608db42251d675da83286b1cce702) (ScriptedImporter) -> (artifact id: '76bce39ff82396b47812f03f44add3b4') in 0.0132269 seconds
Number of updated asset objects reloaded before import = 0Number of asset objects unloaded after import = 5

========================================================================
Received Import Request.
  Time since last request: 0.000061 seconds.
  path: Assets/Prefabs/Asteroids/Textures/Rock012_2K_Roughness.png
  artifactKey: Guid(224dfcdaa07c639449f4dbf0cb67263e) Importer(2089858483,192608db42251d675da83286b1cce702)
Start importing Assets/Prefabs/Asteroids/Textures/Rock012_2K_Roughness.png using Guid(224dfcdaa07c639449f4dbf0cb67263e) Importer(2089858483,192608db42251d675da83286b1cce702) (ScriptedImporter) -> (artifact id: '722e5e9ee146c60c6f2db8e2b5a0e816') in 0.0147358 seconds
Number of updated asset objects reloaded before import = 0Number of asset objects unloaded after import = 1

========================================================================
Received Import Request.
  Time since last request: 0.000029 seconds.
  path: Assets/Prefabs/Asteroids/Textures/Rock16.mat
  artifactKey: Guid(22021ecd684891549a9889fa0e221d21) Importer(2089858483,192608db42251d675da83286b1cce702)
Start importing Assets/Prefabs/Asteroids/Textures/Rock16.mat using Guid(22021ecd684891549a9889fa0e221d21) Importer(2089858483,192608db42251d675da83286b1cce702) (ScriptedImporter) -> (artifact id: '59804966c2d3cfefa53d8dcc8af5ecc1') in 0.0135009 seconds
Number of updated asset objects reloaded before import = 0Number of asset objects unloaded after import = 5

========================================================================
Received Import Request.
  Time since last request: 0.000035 seconds.
  path: Assets/Prefabs/Asteroids/Textures/The Void 8k.hdr
  artifactKey: Guid(fe3837d93a282d140a2c68ee65a89c00) Importer(2089858483,192608db42251d675da83286b1cce702)
Start importing Assets/Prefabs/Asteroids/Textures/The Void 8k.hdr using Guid(fe3837d93a282d140a2c68ee65a89c00) Importer(2089858483,192608db42251d675da83286b1cce702) (ScriptedImporter) -> (artifact id: 'ad16a0adcc73b89d46484596e6331192') in 0.0342913 seconds
Number of updated asset objects reloaded before import = 0Number of asset objects unloaded after import = 1

========================================================================
Received Import Request.
  Time since last request: 0.000040 seconds.
  path: Assets/Prefabs/Asteroids/Textures/Rock012_2K_AmbientOcclusion.png
  artifactKey: Guid(174d347ed66a2174ead88e40da80a545) Importer(2089858483,192608db42251d675da83286b1cce702)
Start importing Assets/Prefabs/Asteroids/Textures/Rock012_2K_AmbientOcclusion.png using Guid(174d347ed66a2174ead88e40da80a545) Importer(2089858483,192608db42251d675da83286b1cce702) (ScriptedImporter) -> (artifact id: 'd309323657d6f07146722f894cbdbde3') in 0.0097532 seconds
Number of updated asset objects reloaded before import = 0Number of asset objects unloaded after import = 1

========================================================================
Received Import Request.
  Time since last request: 0.000036 seconds.
  path: Assets/Prefabs/Asteroids/Textures/Rock012_2K_Color.png
  artifactKey: Guid(97af8ac2e59e61e4ca5a821005374c9a) Importer(2089858483,192608db42251d675da83286b1cce702)
Start importing Assets/Prefabs/Asteroids/Textures/Rock012_2K_Color.png using Guid(97af8ac2e59e61e4ca5a821005374c9a) Importer(2089858483,192608db42251d675da83286b1cce702) (ScriptedImporter) -> (artifact id: '15abbb5bfbc85449d0fa36d3c7c33c2e') in 0.0129361 seconds
Number of updated asset objects reloaded before import = 0Number of asset objects unloaded after import = 1

========================================================================
Received Import Request.
  Time since last request: 0.000024 seconds.
  path: Assets/Prefabs/Asteroids/Textures/Rock016_2K_Normal.png
  artifactKey: Guid(755c5bc66e0a30943bead50cb21f617a) Importer(2089858483,192608db42251d675da83286b1cce702)
Start importing Assets/Prefabs/Asteroids/Textures/Rock016_2K_Normal.png using Guid(755c5bc66e0a30943bead50cb21f617a) Importer(2089858483,192608db42251d675da83286b1cce702) (ScriptedImporter) -> (artifact id: '0e26a7fac731496f76a0ecb69766a4a4') in 0.0110677 seconds
Number of updated asset objects reloaded before import = 0Number of asset objects unloaded after import = 1

========================================================================
Received Import Request.
  Time since last request: 0.000025 seconds.
  path: Assets/Prefabs/Asteroids/Textures/Rock014_2K_Normal.png
  artifactKey: Guid(34ce7d3b9007e8845be18ad0c7464e54) Importer(2089858483,192608db42251d675da83286b1cce702)
Start importing Assets/Prefabs/Asteroids/Textures/Rock014_2K_Normal.png using Guid(34ce7d3b9007e8845be18ad0c7464e54) Importer(2089858483,192608db42251d675da83286b1cce702) (ScriptedImporter) -> (artifact id: '3355fad3cb090451527b5f7ab7d0e951') in 0.0133775 seconds
Number of updated asset objects reloaded before import = 0Number of asset objects unloaded after import = 1

========================================================================
Received Import Request.
  Time since last request: 0.000031 seconds.
  path: Assets/Prefabs/Asteroids/Textures/Rock035_2K_Displacement.png
  artifactKey: Guid(25c8e123ef5f9af4ba9d2f6101cdf066) Importer(2089858483,192608db42251d675da83286b1cce702)
Start importing Assets/Prefabs/Asteroids/Textures/Rock035_2K_Displacement.png using Guid(25c8e123ef5f9af4ba9d2f6101cdf066) Importer(2089858483,192608db42251d675da83286b1cce702) (ScriptedImporter) -> (artifact id: '2771f8dd62516f7abfa772c182823cac') in 0.0114998 seconds
Number of updated asset objects reloaded before import = 0Number of asset objects unloaded after import = 1

========================================================================
Received Import Request.
  Time since last request: 0.000053 seconds.
  path: Assets/Prefabs/Asteroids/Textures/Rock035_2K_AmbientOcclusion.png
  artifactKey: Guid(03d993f92e63dd5429d4dd6ca5a5710e) Importer(2089858483,192608db42251d675da83286b1cce702)
Start importing Assets/Prefabs/Asteroids/Textures/Rock035_2K_AmbientOcclusion.png using Guid(03d993f92e63dd5429d4dd6ca5a5710e) Importer(2089858483,192608db42251d675da83286b1cce702) (ScriptedImporter) -> (artifact id: 'b374cbe1decd84e2083ce7bba48397e3') in 0.0100413 seconds
Number of updated asset objects reloaded before import = 0Number of asset objects unloaded after import = 1

========================================================================
Received Import Request.
  Time since last request: 0.000027 seconds.
  path: Assets/Prefabs/Asteroids/Textures/Rock035_2K_Roughness.png
  artifactKey: Guid(3aa71d5a25fcf2d4c8ecdb25f2deb5d4) Importer(2089858483,192608db42251d675da83286b1cce702)
Start importing Assets/Prefabs/Asteroids/Textures/Rock035_2K_Roughness.png using Guid(3aa71d5a25fcf2d4c8ecdb25f2deb5d4) Importer(2089858483,192608db42251d675da83286b1cce702) (ScriptedImporter) -> (artifact id: 'adc8f90129b8bc858873b67a12c373b0') in 0.0120367 seconds
Number of updated asset objects reloaded before import = 0Number of asset objects unloaded after import = 1

========================================================================
Received Import Request.
  Time since last request: 0.000033 seconds.
  path: Assets/Prefabs/Asteroids/Textures/Ground.mat
  artifactKey: Guid(4a36efe8143d87d448f5620e76892efb) Importer(2089858483,192608db42251d675da83286b1cce702)
Start importing Assets/Prefabs/Asteroids/Textures/Ground.mat using Guid(4a36efe8143d87d448f5620e76892efb) Importer(2089858483,192608db42251d675da83286b1cce702) (ScriptedImporter) -> (artifact id: '22ba2e90d2adde9cd7ce4caa66fe3895') in 0.0196704 seconds
Number of updated asset objects reloaded before import = 0Number of asset objects unloaded after import = 7

========================================================================
Received Import Request.
  Time since last request: 0.000032 seconds.
  path: Assets/Prefabs/Asteroids/Textures/Rock012.mat
  artifactKey: Guid(1de1e5504c8db064f85644d27342d50f) Importer(2089858483,192608db42251d675da83286b1cce702)
Start importing Assets/Prefabs/Asteroids/Textures/Rock012.mat using Guid(1de1e5504c8db064f85644d27342d50f) Importer(2089858483,192608db42251d675da83286b1cce702) (ScriptedImporter) -> (artifact id: 'edecac819b4fbfcfdf3ada5bcfc01e83') in 0.0124507 seconds
Number of updated asset objects reloaded before import = 0Number of asset objects unloaded after import = 5

========================================================================
Received Import Request.
  Time since last request: 0.000048 seconds.
  path: Assets/Prefabs/Asteroids/Textures/Rock33.mat
  artifactKey: Guid(a3c7d8a6513dbd14ab14a6d6a2bbe488) Importer(2089858483,192608db42251d675da83286b1cce702)
Start importing Assets/Prefabs/Asteroids/Textures/Rock33.mat using Guid(a3c7d8a6513dbd14ab14a6d6a2bbe488) Importer(2089858483,192608db42251d675da83286b1cce702) (ScriptedImporter) -> (artifact id: 'f623bfba550706f0e2be971b408f3896') in 0.0135017 seconds
Number of updated asset objects reloaded before import = 0Number of asset objects unloaded after import = 5

========================================================================
Received Import Request.
  Time since last request: 0.000028 seconds.
  path: Assets/Prefabs/Asteroids/Textures/Rock031_2K_AmbientOcclusion.png
  artifactKey: Guid(8f5936068e58f2c4dbcce58bd47c6279) Importer(2089858483,192608db42251d675da83286b1cce702)
Start importing Assets/Prefabs/Asteroids/Textures/Rock031_2K_AmbientOcclusion.png using Guid(8f5936068e58f2c4dbcce58bd47c6279) Importer(2089858483,192608db42251d675da83286b1cce702) (ScriptedImporter) -> (artifact id: '744f8bd43e48b66bb4b570656f241504') in 0.0140517 seconds
Number of updated asset objects reloaded before import = 0Number of asset objects unloaded after import = 1

========================================================================
Received Import Request.
  Time since last request: 0.000024 seconds.
  path: Assets/Prefabs/Asteroids/Textures/Rock014_2K_Displacement.png
  artifactKey: Guid(54c7d1396a5cf344598f1f0ff1a5b45b) Importer(2089858483,192608db42251d675da83286b1cce702)
Start importing Assets/Prefabs/Asteroids/Textures/Rock014_2K_Displacement.png using Guid(54c7d1396a5cf344598f1f0ff1a5b45b) Importer(2089858483,192608db42251d675da83286b1cce702) (ScriptedImporter) -> (artifact id: '7bb8e1ba9e4dbbbd814288700a86229c') in 0.0093006 seconds
Number of updated asset objects reloaded before import = 0Number of asset objects unloaded after import = 1

========================================================================
Received Import Request.
  Time since last request: 0.000026 seconds.
  path: Assets/Prefabs/Asteroids/Textures/Rock016_2K_AmbientOcclusion.png
  artifactKey: Guid(d4a8235949d36e741be21a7941ec3805) Importer(2089858483,192608db42251d675da83286b1cce702)
Start importing Assets/Prefabs/Asteroids/Textures/Rock016_2K_AmbientOcclusion.png using Guid(d4a8235949d36e741be21a7941ec3805) Importer(2089858483,192608db42251d675da83286b1cce702) (ScriptedImporter) -> (artifact id: 'f3297e8c605a6c448f5330d8b313aa4d') in 0.0094194 seconds
Number of updated asset objects reloaded before import = 0Number of asset objects unloaded after import = 1

========================================================================
Received Import Request.
  Time since last request: 0.000034 seconds.
  path: Assets/Prefabs/Asteroids/Textures/Rock033_2K_Normal.png
  artifactKey: Guid(2e032f9af0c43c541b2e123e972e533a) Importer(2089858483,192608db42251d675da83286b1cce702)
Start importing Assets/Prefabs/Asteroids/Textures/Rock033_2K_Normal.png using Guid(2e032f9af0c43c541b2e123e972e533a) Importer(2089858483,192608db42251d675da83286b1cce702) (ScriptedImporter) -> (artifact id: 'ad2298292574778dad14fbd04768d7dc') in 0.010977 seconds
Number of updated asset objects reloaded before import = 0Number of asset objects unloaded after import = 1

Editor requested this worker to shutdown with reason: Scaling down because of idle timeout
AssetImportWorker is now disconnected from the server
Process exiting
Exiting without the bug reporter. Application will terminate with return code 0