Using pre-set license
Built from '6000.2/respin/6000.2.0b2-d4c40f50eb81' branch; Version is '6000.2.0b2 (2bdac9ac0d74) revision 2874057'; Using compiler version '194234433'; Build Type 'Release'
OS: 'Windows 11  (10.0.26100) 64bit Professional' Language: 'pt' Physical Memory: 16229 MB
BatchMode: 1, IsHumanControllingUs: 0, StartBugReporterOnCrash: 0, Is64bit: 1
Date: 2025-05-23T19:52:43Z

COMMAND LINE ARGUMENTS:
C:\Program Files\Unity\6000.2.0b2\Editor\Unity.exe
-adb2
-batchMode
-noUpm
-name
AssetImportWorker6
-projectPath
D:/Lucas/Estudos/Dev/Unity/Projeto_Mila
-logFile
Logs/AssetImportWorker6.log
-srvPort
61495
-job-worker-count
5
-background-job-worker-count
8
-gc-helper-count
1
-name
AssetImport
Successfully changed project path to: D:/Lucas/Estudos/Dev/Unity/Projeto_Mila
D:/Lucas/Estudos/Dev/Unity/Projeto_Mila
[UnityMemory] Configuration Parameters - Can be set up in boot.config
    "memorysetup-allocator-temp-initial-block-size-main=262144"
    "memorysetup-allocator-temp-initial-block-size-worker=262144"
    "memorysetup-bucket-allocator-granularity=16"
    "memorysetup-bucket-allocator-bucket-count=8"
    "memorysetup-bucket-allocator-block-size=33554432"
    "memorysetup-bucket-allocator-block-count=8"
    "memorysetup-main-allocator-block-size=16777216"
    "memorysetup-thread-allocator-block-size=16777216"
    "memorysetup-gfx-main-allocator-block-size=16777216"
    "memorysetup-gfx-thread-allocator-block-size=16777216"
    "memorysetup-cache-allocator-block-size=4194304"
    "memorysetup-typetree-allocator-block-size=2097152"
    "memorysetup-profiler-bucket-allocator-granularity=16"
    "memorysetup-profiler-bucket-allocator-bucket-count=8"
    "memorysetup-profiler-bucket-allocator-block-size=33554432"
    "memorysetup-profiler-bucket-allocator-block-count=8"
    "memorysetup-profiler-allocator-block-size=16777216"
    "memorysetup-profiler-editor-allocator-block-size=1048576"
    "memorysetup-temp-allocator-size-main=16777216"
    "memorysetup-job-temp-allocator-block-size=2097152"
    "memorysetup-job-temp-allocator-block-size-background=1048576"
    "memorysetup-job-temp-allocator-reduction-small-platforms=262144"
    "memorysetup-temp-allocator-size-background-worker=32768"
    "memorysetup-temp-allocator-size-job-worker=262144"
    "memorysetup-temp-allocator-size-preload-manager=33554432"
    "memorysetup-temp-allocator-size-nav-mesh-worker=65536"
    "memorysetup-temp-allocator-size-audio-worker=65536"
    "memorysetup-temp-allocator-size-cloud-worker=32768"
    "memorysetup-temp-allocator-size-gi-baking-worker=262144"
    "memorysetup-temp-allocator-size-gi-baking-worker=262144"
    "memorysetup-temp-allocator-size-gi-baking-worker=262144"
    "memorysetup-temp-allocator-size-gi-baking-worker=262144"
    "memorysetup-temp-allocator-size-gi-baking-worker=262144"
    "memorysetup-temp-allocator-size-gfx=262144"
Player connection [8364]  Target information:

Player connection [8364]  * "[IP] 192.168.1.103 [Port] 0 [Flags] 2 [Guid] 247481600 [EditorId] 247481600 [Version] 1048832 [Id] WindowsEditor(7,DESKTOP-KL4VHS6) [Debug] 1 [PackageName] WindowsEditor [ProjectName] Editor" 

Player connection [8364] Host joined multi-casting on [225.0.0.222:54997]...
Player connection [8364] Host joined alternative multi-casting on [225.0.0.222:34997]...
JobSystem: Creating JobQueue using job-worker-count value 5
Input System module state changed to: Initialized.
[Physics::Module] Initialized fallback backend.
[Physics::Module] Id: 0xdecafbad
Library Redirect Path: Library/
[Physics::Module] Selected backend.
[Physics::Module] Name: PhysX
[Physics::Module] Id: 0xf2b8ea05
[Physics::Module] SDK Version: 4.1.2
[Physics::Module] Integration Version: 1.0.0
[Physics::Module] Threading Mode: Multi-Threaded
Refreshing native plugins compatible for Editor in 2.68 ms, found 2 plugins.
Preloading 0 native plugins for Editor in 0.00 ms.
Initialize engine version: 6000.2.0b2 (2bdac9ac0d74)
[Subsystems] Discovering subsystems at path C:/Program Files/Unity/6000.2.0b2/Editor/Data/Resources/UnitySubsystems
[Subsystems] Discovering subsystems at path D:/Lucas/Estudos/Dev/Unity/Projeto_Mila/Assets
GfxDevice: creating device client; kGfxThreadingModeNonThreaded
Direct3D:
    Version:  Direct3D 11.0 [level 11.1]
    Renderer: AMD Radeon RX 6700 XT (ID=0x73df)
    Vendor:   ATI
    VRAM:     12217 MB
    Driver:   32.0.12033.1030
Initialize mono
Mono path[0] = 'C:/Program Files/Unity/6000.2.0b2/Editor/Data/Managed'
Mono path[1] = 'C:/Program Files/Unity/6000.2.0b2/Editor/Data/MonoBleedingEdge/lib/mono/unityjit-win32'
Mono config path = 'C:/Program Files/Unity/6000.2.0b2/Editor/Data/MonoBleedingEdge/etc'
Using monoOptions --debugger-agent=transport=dt_socket,embedding=1,server=y,suspend=n,address=127.0.0.1:56928
Begin MonoManager ReloadAssembly
Registering precompiled unity dll's ...
Register platform support module: C:/Program Files/Unity/6000.2.0b2/Editor/Data/PlaybackEngines/WebGLSupport/UnityEditor.WebGL.Extensions.dll
Register platform support module: C:/Program Files/Unity/6000.2.0b2/Editor/Data/PlaybackEngines/WindowsStandaloneSupport/UnityEditor.WindowsStandalone.Extensions.dll
Register platform support module: C:/Program Files/Unity/6000.2.0b2/Editor/Data/PlaybackEngines/MetroSupport/UnityEditor.UWP.Extensions.dll
Registered in 0.015501 seconds.
- Loaded All Assemblies, in  0.542 seconds
Native extension for UWP target not found
Native extension for WindowsStandalone target not found
Native extension for WebGL target not found
Mono: successfully reloaded assembly
- Finished resetting the current domain, in  0.414 seconds
Domain Reload Profiling: 948ms
	BeginReloadAssembly (197ms)
		ExecutionOrderSort (0ms)
		DisableScriptedObjects (0ms)
		BackupInstance (0ms)
		ReleaseScriptingObjects (0ms)
		CreateAndSetChildDomain (1ms)
	RebuildCommonClasses (38ms)
	RebuildNativeTypeToScriptingClass (10ms)
	initialDomainReloadingComplete (70ms)
	LoadAllAssembliesAndSetupDomain (218ms)
		LoadAssemblies (194ms)
		RebuildTransferFunctionScriptingTraits (0ms)
		AnalyzeDomain (214ms)
			TypeCache.Refresh (212ms)
				TypeCache.ScanAssembly (198ms)
			BuildScriptInfoCaches (0ms)
			ResolveRequiredComponents (0ms)
	FinalizeReload (414ms)
		ReleaseScriptCaches (0ms)
		RebuildScriptCaches (0ms)
		SetupLoadedEditorAssemblies (359ms)
			LogAssemblyErrors (0ms)
			InitializePlatformSupportModulesInManaged (68ms)
			SetLoadedEditorAssemblies (4ms)
			BeforeProcessingInitializeOnLoad (75ms)
			ProcessInitializeOnLoadAttributes (148ms)
			ProcessInitializeOnLoadMethodAttributes (64ms)
			AfterProcessingInitializeOnLoad (0ms)
			EditorAssembliesLoaded (0ms)
		ExecutionOrderSort2 (0ms)
		AwakeInstancesAfterBackupRestoration (0ms)
Assembly reference Packages/com.unity.cinemachine/Editor/Samples/ExposeHDRPInternals/HDRP-Editor-ref.asmref has no target assembly definition
========================================================================
Worker process is ready to serve import requests
Import Worker Mode flag is 0x00
Assembly reference Packages/com.unity.cinemachine/Editor/Samples/ExposeHDRPInternals/HDRP-Editor-ref.asmref has no target assembly definition
Assembly reference Packages/com.unity.cinemachine/Editor/Samples/ExposeHDRPInternals/HDRP-Editor-ref.asmref has no target assembly definition
Begin MonoManager ReloadAssembly
Duplicate assembly 'System.Runtime.CompilerServices.Unsafe.dll' with different versions detected, using 'Packages/com.unity.collections/Unity.Collections.Tests/System.Runtime.CompilerServices.Unsafe/System.Runtime.CompilerServices.Unsafe.dll, AssemblyName=System.Runtime.CompilerServices.Unsafe, Version=6.0.0.0, Culture=neutral, PublicKeyToken=b03f5f7f11d50a3a' and ignoring 'Packages/com.unity.ai.assistant/Plugins/Markdig/Dependencies/System.Runtime.CompilerServices.Unsafe.dll, AssemblyName=System.Runtime.CompilerServices.Unsafe, Version=4.0.6.0, Culture=neutral, PublicKeyToken=b03f5f7f11d50a3a'.Symbol file LoadedFromMemory is not a mono symbol file
- Loaded All Assemblies, in  1.234 seconds
Assembly reference Packages/com.unity.cinemachine/Editor/Samples/ExposeHDRPInternals/HDRP-Editor-ref.asmref has no target assembly definition
'Packages/com.unity.cinemachine/Editor/Obsolete/CinemachineVirtualCameraBaseEditor.cs' contains partial class of Unity.Object, exactly 1 of the partial classes needs to be in a file with the same filename. This is to know the one that can be referenced from ie. GameObjects
'Packages/com.unity.cinemachine/Editor/Editors/CinemachineVirtualCameraBaseEditor.cs' contains partial class of Unity.Object, exactly 1 of the partial classes needs to be in a file with the same filename. This is to know the one that can be referenced from ie. GameObjects
Refreshing native plugins compatible for Editor in 0.87 ms, found 2 plugins.
Native extension for UWP target not found
Native extension for WindowsStandalone target not found
Native extension for WebGL target not found
Assembly reference Packages/com.unity.cinemachine/Editor/Samples/ExposeHDRPInternals/HDRP-Editor-ref.asmref has no target assembly definition
Package Manager log level set to [2]
[Package Manager] Failed to launch server process. Reason: Unity was launched with the -noUpm command-line argument
[Package Manager] Unable to send message (not connected to server process).
[Package Manager] Cannot connect to Unity Package Manager local server
[Package Manager] Failed to launch server process. Reason: Unity was launched with the -noUpm command-line argument
[Package Manager] Unable to send message (not connected to server process).
[Package Manager] Cannot connect to Unity Package Manager local server
Mono: successfully reloaded assembly
- Finished resetting the current domain, in  0.952 seconds
Domain Reload Profiling: 2180ms
	BeginReloadAssembly (222ms)
		ExecutionOrderSort (0ms)
		DisableScriptedObjects (8ms)
		BackupInstance (0ms)
		ReleaseScriptingObjects (0ms)
		CreateAndSetChildDomain (43ms)
	RebuildCommonClasses (39ms)
	RebuildNativeTypeToScriptingClass (12ms)
	initialDomainReloadingComplete (49ms)
	LoadAllAssembliesAndSetupDomain (907ms)
		LoadAssemblies (581ms)
		RebuildTransferFunctionScriptingTraits (0ms)
		AnalyzeDomain (442ms)
			TypeCache.Refresh (374ms)
				TypeCache.ScanAssembly (317ms)
			BuildScriptInfoCaches (54ms)
			ResolveRequiredComponents (10ms)
	FinalizeReload (952ms)
		ReleaseScriptCaches (0ms)
		RebuildScriptCaches (0ms)
		SetupLoadedEditorAssemblies (691ms)
			LogAssemblyErrors (0ms)
			InitializePlatformSupportModulesInManaged (3ms)
			SetLoadedEditorAssemblies (5ms)
			BeforeProcessingInitializeOnLoad (163ms)
			ProcessInitializeOnLoadAttributes (389ms)
			ProcessInitializeOnLoadMethodAttributes (121ms)
			AfterProcessingInitializeOnLoad (11ms)
			EditorAssembliesLoaded (0ms)
		ExecutionOrderSort2 (0ms)
		AwakeInstancesAfterBackupRestoration (7ms)
Launched and connected shader compiler UnityShaderCompiler.exe after 0.02 seconds
Refreshing native plugins compatible for Editor in 0.96 ms, found 2 plugins.
Preloading 0 native plugins for Editor in 0.00 ms.
Unloading 253 Unused Serialized files (Serialized files now loaded: 0)
Unloading 6021 unused Assets / (4.7 MB). Loaded Objects now: 8732.
Memory consumption went from 247.0 MB to 242.3 MB.
Total: 14.734800 ms (FindLiveObjects: 0.711100 ms CreateObjectMapping: 0.967500 ms MarkObjects: 9.857800 ms  DeleteObjects: 3.196900 ms)

========================================================================
Received Import Request.
  Time since last request: 302420.760018 seconds.
  path: Assets/Prefabs/Asteroids/Asteroids/Rock2.prefab
  artifactKey: Guid(77b3cd8b9128ca9469d873fe4622b1f4) Importer(815301076,1909f56bfc062723c751e8b465ee728b)
Start importing Assets/Prefabs/Asteroids/Asteroids/Rock2.prefab using Guid(77b3cd8b9128ca9469d873fe4622b1f4) Importer(815301076,1909f56bfc062723c751e8b465ee728b) (PreviewImporter) -> (artifact id: '33804cfbbf85fe7a9c96b292cd5aaecb') in 0.6224748 seconds
Number of updated asset objects reloaded before import = 0Number of asset objects unloaded after import = 731

========================================================================
Received Import Request.
  Time since last request: 0.000035 seconds.
  path: Assets/Prefabs/Asteroids/Asteroids/RockFracture14.prefab
  artifactKey: Guid(5cf5d633fb5e150448c12555350510f5) Importer(815301076,1909f56bfc062723c751e8b465ee728b)
Start importing Assets/Prefabs/Asteroids/Asteroids/RockFracture14.prefab using Guid(5cf5d633fb5e150448c12555350510f5) Importer(815301076,1909f56bfc062723c751e8b465ee728b) (PreviewImporter) -> (artifact id: '1860f7a8ab6544fcee75e03c442a3359') in 0.0350695 seconds
Number of updated asset objects reloaded before import = 0Number of asset objects unloaded after import = 716

========================================================================
Received Import Request.
  Time since last request: 0.000049 seconds.
  path: Assets/Prefabs/Asteroids/Asteroids/Rock8.prefab
  artifactKey: Guid(38b8e849d5e9cc04590c64c5582038d9) Importer(815301076,1909f56bfc062723c751e8b465ee728b)
Start importing Assets/Prefabs/Asteroids/Asteroids/Rock8.prefab using Guid(38b8e849d5e9cc04590c64c5582038d9) Importer(815301076,1909f56bfc062723c751e8b465ee728b) (PreviewImporter) -> (artifact id: '7a17fbaa19eea7f1acdf46114c4f92c1') in 0.0345425 seconds
Number of updated asset objects reloaded before import = 0Number of asset objects unloaded after import = 717

========================================================================
Received Import Request.
  Time since last request: 0.000036 seconds.
  path: Assets/Prefabs/Asteroids/Asteroids/RockFracture9.prefab
  artifactKey: Guid(9afec21682378f549a77a7d088a6d7a1) Importer(815301076,1909f56bfc062723c751e8b465ee728b)
Start importing Assets/Prefabs/Asteroids/Asteroids/RockFracture9.prefab using Guid(9afec21682378f549a77a7d088a6d7a1) Importer(815301076,1909f56bfc062723c751e8b465ee728b) (PreviewImporter) -> (artifact id: 'd928770eb05f9a30bec65db95d88eecc') in 0.0339842 seconds
Number of updated asset objects reloaded before import = 0Number of asset objects unloaded after import = 723

========================================================================
Received Import Request.
  Time since last request: 0.000082 seconds.
  path: Assets/Prefabs/Asteroids/Asteroids/Rock9.prefab
  artifactKey: Guid(be961aef9f7b86a44a3dca40c4bd1be1) Importer(815301076,1909f56bfc062723c751e8b465ee728b)
Start importing Assets/Prefabs/Asteroids/Asteroids/Rock9.prefab using Guid(be961aef9f7b86a44a3dca40c4bd1be1) Importer(815301076,1909f56bfc062723c751e8b465ee728b) (PreviewImporter) -> (artifact id: '9d287917d7bbf1d1618890dcb2b91c5f') in 0.0337387 seconds
Number of updated asset objects reloaded before import = 0Number of asset objects unloaded after import = 731

========================================================================
Received Import Request.
  Time since last request: 0.000058 seconds.
  path: Assets/Prefabs/Asteroids/Asteroids/Rock6.prefab
  artifactKey: Guid(0d293e4ad514b46418bb52440a4e0b6b) Importer(815301076,1909f56bfc062723c751e8b465ee728b)
Start importing Assets/Prefabs/Asteroids/Asteroids/Rock6.prefab using Guid(0d293e4ad514b46418bb52440a4e0b6b) Importer(815301076,1909f56bfc062723c751e8b465ee728b) (PreviewImporter) -> (artifact id: '52e3856e53ac72c6a1170d9017d77198') in 0.0352397 seconds
Number of updated asset objects reloaded before import = 0Number of asset objects unloaded after import = 759

========================================================================
Received Import Request.
  Time since last request: 0.000054 seconds.
  path: Assets/Prefabs/Asteroids/Asteroids/RockFracture7.prefab
  artifactKey: Guid(10ab3ef2186de814aa9be1b90b3e6c5c) Importer(815301076,1909f56bfc062723c751e8b465ee728b)
Start importing Assets/Prefabs/Asteroids/Asteroids/RockFracture7.prefab using Guid(10ab3ef2186de814aa9be1b90b3e6c5c) Importer(815301076,1909f56bfc062723c751e8b465ee728b) (PreviewImporter) -> (artifact id: 'd993f57c88e48ab23511595ce7899f5d') in 0.0356129 seconds
Number of updated asset objects reloaded before import = 0Number of asset objects unloaded after import = 709

========================================================================
Received Import Request.
  Time since last request: 0.000036 seconds.
  path: Assets/Prefabs/Asteroids/Asteroids/RockFracture10.prefab
  artifactKey: Guid(0ab65356484ccef4f8d639779c51e031) Importer(815301076,1909f56bfc062723c751e8b465ee728b)
Start importing Assets/Prefabs/Asteroids/Asteroids/RockFracture10.prefab using Guid(0ab65356484ccef4f8d639779c51e031) Importer(815301076,1909f56bfc062723c751e8b465ee728b) (PreviewImporter) -> (artifact id: 'a71c22cf6a7b47d26d24330d47ecedc6') in 0.031969 seconds
Number of updated asset objects reloaded before import = 0Number of asset objects unloaded after import = 709

========================================================================
Received Import Request.
  Time since last request: 0.000047 seconds.
  path: Assets/Prefabs/Asteroids/Asteroids/Rock12.prefab
  artifactKey: Guid(58c0d2e50cacf86408977fa0febf3013) Importer(815301076,1909f56bfc062723c751e8b465ee728b)
Start importing Assets/Prefabs/Asteroids/Asteroids/Rock12.prefab using Guid(58c0d2e50cacf86408977fa0febf3013) Importer(815301076,1909f56bfc062723c751e8b465ee728b) (PreviewImporter) -> (artifact id: '566d0f64aa861250aac9509331a6c3db') in 0.0402702 seconds
Number of updated asset objects reloaded before import = 0Number of asset objects unloaded after import = 731

========================================================================
Received Import Request.
  Time since last request: 0.000030 seconds.
  path: Assets/Prefabs/Asteroids/Asteroids/Rock7.prefab
  artifactKey: Guid(e34904e72376c924a82cb10040bcf109) Importer(815301076,1909f56bfc062723c751e8b465ee728b)
Start importing Assets/Prefabs/Asteroids/Asteroids/Rock7.prefab using Guid(e34904e72376c924a82cb10040bcf109) Importer(815301076,1909f56bfc062723c751e8b465ee728b) (PreviewImporter) -> (artifact id: '63aae61fc38589c7944e2cda47e5cb49') in 0.0393509 seconds
Number of updated asset objects reloaded before import = 0Number of asset objects unloaded after import = 717

========================================================================
Received Import Request.
  Time since last request: 0.000033 seconds.
  path: Assets/Prefabs/Asteroids/Asteroids/Rock13.prefab
  artifactKey: Guid(d9d186d2aece9f949acef2245830e4d8) Importer(815301076,1909f56bfc062723c751e8b465ee728b)
Start importing Assets/Prefabs/Asteroids/Asteroids/Rock13.prefab using Guid(d9d186d2aece9f949acef2245830e4d8) Importer(815301076,1909f56bfc062723c751e8b465ee728b) (PreviewImporter) -> (artifact id: '31e85df0c143d364e5b976a83e4d0e18') in 0.03779 seconds
Number of updated asset objects reloaded before import = 0Number of asset objects unloaded after import = 745

========================================================================
Received Import Request.
  Time since last request: 0.000068 seconds.
  path: Assets/Prefabs/Asteroids/Asteroids/RockFracture15.prefab
  artifactKey: Guid(92fa0be77a7a02e4a9706298982a8bf7) Importer(815301076,1909f56bfc062723c751e8b465ee728b)
Start importing Assets/Prefabs/Asteroids/Asteroids/RockFracture15.prefab using Guid(92fa0be77a7a02e4a9706298982a8bf7) Importer(815301076,1909f56bfc062723c751e8b465ee728b) (PreviewImporter) -> (artifact id: 'b96aeb2acb1815d0111d27fe87c20b1a') in 0.0367675 seconds
Number of updated asset objects reloaded before import = 0Number of asset objects unloaded after import = 716

========================================================================
Received Import Request.
  Time since last request: 5.119273 seconds.
  path: Assets/BreakableAsteroids/Textures/Rock012.mat
  artifactKey: Guid(1de1e5504c8db064f85644d27342d50f) Importer(815301076,1909f56bfc062723c751e8b465ee728b)
Start importing Assets/BreakableAsteroids/Textures/Rock012.mat using Guid(1de1e5504c8db064f85644d27342d50f) Importer(815301076,1909f56bfc062723c751e8b465ee728b) (PreviewImporter) -> (artifact id: '83106590f9427d04e9e5846c61718922') in 0.039661 seconds
Number of updated asset objects reloaded before import = 0Number of asset objects unloaded after import = 5

========================================================================
Received Import Request.
  Time since last request: 0.000036 seconds.
  path: Assets/BreakableAsteroids/Textures/Rock031_2K_AmbientOcclusion.png
  artifactKey: Guid(8f5936068e58f2c4dbcce58bd47c6279) Importer(815301076,1909f56bfc062723c751e8b465ee728b)
Start importing Assets/BreakableAsteroids/Textures/Rock031_2K_AmbientOcclusion.png using Guid(8f5936068e58f2c4dbcce58bd47c6279) Importer(815301076,1909f56bfc062723c751e8b465ee728b) (PreviewImporter) -> (artifact id: '70ce8d3c8b0f38ad488356ff00f4a75b') in 0.0146676 seconds
Number of updated asset objects reloaded before import = 0Number of asset objects unloaded after import = 2

========================================================================
Received Import Request.
  Time since last request: 0.000045 seconds.
  path: Assets/BreakableAsteroids/Textures/Rock016_2K_AmbientOcclusion.png
  artifactKey: Guid(d4a8235949d36e741be21a7941ec3805) Importer(815301076,1909f56bfc062723c751e8b465ee728b)
Start importing Assets/BreakableAsteroids/Textures/Rock016_2K_AmbientOcclusion.png using Guid(d4a8235949d36e741be21a7941ec3805) Importer(815301076,1909f56bfc062723c751e8b465ee728b) (PreviewImporter) -> (artifact id: 'fdd7b025a1e17b0ba341e7a97ba764f6') in 0.0088509 seconds
Number of updated asset objects reloaded before import = 0Number of asset objects unloaded after import = 2

========================================================================
Received Import Request.
  Time since last request: 0.000030 seconds.
  path: Assets/BreakableAsteroids/Textures/Rock035_2K_AmbientOcclusion.png
  artifactKey: Guid(03d993f92e63dd5429d4dd6ca5a5710e) Importer(815301076,1909f56bfc062723c751e8b465ee728b)
Start importing Assets/BreakableAsteroids/Textures/Rock035_2K_AmbientOcclusion.png using Guid(03d993f92e63dd5429d4dd6ca5a5710e) Importer(815301076,1909f56bfc062723c751e8b465ee728b) (PreviewImporter) -> (artifact id: '4e1fdb96482525679d9e49d1233b0d45') in 0.00828 seconds
Number of updated asset objects reloaded before import = 0Number of asset objects unloaded after import = 2

========================================================================
Received Import Request.
  Time since last request: 0.000032 seconds.
  path: Assets/BreakableAsteroids/Textures/Rock016_2K_Color.png
  artifactKey: Guid(0a6fc3f5be211db4ab8c33d1dc17021f) Importer(815301076,1909f56bfc062723c751e8b465ee728b)
Start importing Assets/BreakableAsteroids/Textures/Rock016_2K_Color.png using Guid(0a6fc3f5be211db4ab8c33d1dc17021f) Importer(815301076,1909f56bfc062723c751e8b465ee728b) (PreviewImporter) -> (artifact id: '9910d25ac40c342e316725b7b72644ce') in 0.0085276 seconds
Number of updated asset objects reloaded before import = 0Number of asset objects unloaded after import = 2

========================================================================
Received Import Request.
  Time since last request: 0.000027 seconds.
  path: Assets/BreakableAsteroids/Textures/Rock012_2K_Roughness.png
  artifactKey: Guid(224dfcdaa07c639449f4dbf0cb67263e) Importer(815301076,1909f56bfc062723c751e8b465ee728b)
Start importing Assets/BreakableAsteroids/Textures/Rock012_2K_Roughness.png using Guid(224dfcdaa07c639449f4dbf0cb67263e) Importer(815301076,1909f56bfc062723c751e8b465ee728b) (PreviewImporter) -> (artifact id: '2a1345e557788cc94c73d4f56610af3a') in 0.0102878 seconds
Number of updated asset objects reloaded before import = 0Number of asset objects unloaded after import = 2

========================================================================
Received Import Request.
  Time since last request: 0.000058 seconds.
  path: Assets/BreakableAsteroids/Textures/Rock014_2K_Color.png
  artifactKey: Guid(cbc0078cab60ea14a8567e16c3ca31c7) Importer(815301076,1909f56bfc062723c751e8b465ee728b)
Start importing Assets/BreakableAsteroids/Textures/Rock014_2K_Color.png using Guid(cbc0078cab60ea14a8567e16c3ca31c7) Importer(815301076,1909f56bfc062723c751e8b465ee728b) (PreviewImporter) -> (artifact id: 'ac47c1e49ef60b01366172759d4055cb') in 0.0119158 seconds
Number of updated asset objects reloaded before import = 0Number of asset objects unloaded after import = 2

========================================================================
Received Import Request.
  Time since last request: 0.000077 seconds.
  path: Assets/BreakableAsteroids/Textures/Rock031_2K_Normal.png
  artifactKey: Guid(16d7bc718d299224f81fbac8aeeca7ed) Importer(815301076,1909f56bfc062723c751e8b465ee728b)
Start importing Assets/BreakableAsteroids/Textures/Rock031_2K_Normal.png using Guid(16d7bc718d299224f81fbac8aeeca7ed) Importer(815301076,1909f56bfc062723c751e8b465ee728b) (PreviewImporter) -> (artifact id: 'cbbaa5ffdf9e4adb1ebc0d66b0d17192') in 0.017239 seconds
Number of updated asset objects reloaded before import = 0Number of asset objects unloaded after import = 2

========================================================================
Received Import Request.
  Time since last request: 0.000041 seconds.
  path: Assets/BreakableAsteroids/Textures/Rock016_2K_Normal.png
  artifactKey: Guid(755c5bc66e0a30943bead50cb21f617a) Importer(815301076,1909f56bfc062723c751e8b465ee728b)
Start importing Assets/BreakableAsteroids/Textures/Rock016_2K_Normal.png using Guid(755c5bc66e0a30943bead50cb21f617a) Importer(815301076,1909f56bfc062723c751e8b465ee728b) (PreviewImporter) -> (artifact id: '8d03e7d995389e7e22ecb491952888f8') in 0.0085431 seconds
Number of updated asset objects reloaded before import = 0Number of asset objects unloaded after import = 2

========================================================================
Received Import Request.
  Time since last request: 0.000044 seconds.
  path: Assets/BreakableAsteroids/Textures/Rock035_2K_Normal.png
  artifactKey: Guid(f1a35e1279b34db45ba32be74c01edf3) Importer(815301076,1909f56bfc062723c751e8b465ee728b)
Start importing Assets/BreakableAsteroids/Textures/Rock035_2K_Normal.png using Guid(f1a35e1279b34db45ba32be74c01edf3) Importer(815301076,1909f56bfc062723c751e8b465ee728b) (PreviewImporter) -> (artifact id: 'e03ee38330ffb4db47362964d4e89fc9') in 0.0104078 seconds
Number of updated asset objects reloaded before import = 0Number of asset objects unloaded after import = 2

========================================================================
Received Import Request.
  Time since last request: 0.000043 seconds.
  path: Assets/BreakableAsteroids/Textures/Rock35.mat
  artifactKey: Guid(d0af10acfa627ee42bcdb2675b1ff396) Importer(815301076,1909f56bfc062723c751e8b465ee728b)
Start importing Assets/BreakableAsteroids/Textures/Rock35.mat using Guid(d0af10acfa627ee42bcdb2675b1ff396) Importer(815301076,1909f56bfc062723c751e8b465ee728b) (PreviewImporter) -> (artifact id: 'c6f4d91eb60527f1a994ad23c8a7aad0') in 0.016477 seconds
Number of updated asset objects reloaded before import = 0Number of asset objects unloaded after import = 5

========================================================================
Received Import Request.
  Time since last request: 0.000034 seconds.
  path: Assets/BreakableAsteroids/Textures/Rock035_2K_Displacement.png
  artifactKey: Guid(25c8e123ef5f9af4ba9d2f6101cdf066) Importer(815301076,1909f56bfc062723c751e8b465ee728b)
Start importing Assets/BreakableAsteroids/Textures/Rock035_2K_Displacement.png using Guid(25c8e123ef5f9af4ba9d2f6101cdf066) Importer(815301076,1909f56bfc062723c751e8b465ee728b) (PreviewImporter) -> (artifact id: 'e8df7ff29719fe7444e6e1f80eae4ef2') in 0.0085022 seconds
Number of updated asset objects reloaded before import = 0Number of asset objects unloaded after import = 2

========================================================================
Received Import Request.
  Time since last request: 0.000029 seconds.
  path: Assets/BreakableAsteroids/Textures/Rock033_2K_Normal.png
  artifactKey: Guid(2e032f9af0c43c541b2e123e972e533a) Importer(815301076,1909f56bfc062723c751e8b465ee728b)
Start importing Assets/BreakableAsteroids/Textures/Rock033_2K_Normal.png using Guid(2e032f9af0c43c541b2e123e972e533a) Importer(815301076,1909f56bfc062723c751e8b465ee728b) (PreviewImporter) -> (artifact id: 'bbd08fde3270a01c787076abe622f826') in 0.0106315 seconds
Number of updated asset objects reloaded before import = 0Number of asset objects unloaded after import = 2

========================================================================
Received Import Request.
  Time since last request: 0.000048 seconds.
  path: Assets/BreakableAsteroids/Textures/Rock014_2K_AmbientOcclusion.png
  artifactKey: Guid(f505150516364d4429e35f4c629abf7c) Importer(815301076,1909f56bfc062723c751e8b465ee728b)
Start importing Assets/BreakableAsteroids/Textures/Rock014_2K_AmbientOcclusion.png using Guid(f505150516364d4429e35f4c629abf7c) Importer(815301076,1909f56bfc062723c751e8b465ee728b) (PreviewImporter) -> (artifact id: '46c041caa61b45be175a9769226388b2') in 0.0107433 seconds
Number of updated asset objects reloaded before import = 0Number of asset objects unloaded after import = 2

========================================================================
Received Import Request.
  Time since last request: 0.000053 seconds.
  path: Assets/BreakableAsteroids/Textures/Rock031_2K_Displacement.png
  artifactKey: Guid(8cca6f180141237468a0b459b4766874) Importer(815301076,1909f56bfc062723c751e8b465ee728b)
Start importing Assets/BreakableAsteroids/Textures/Rock031_2K_Displacement.png using Guid(8cca6f180141237468a0b459b4766874) Importer(815301076,1909f56bfc062723c751e8b465ee728b) (PreviewImporter) -> (artifact id: '2fc482dc5f548409de0fcd2e2be73aaf') in 0.0098261 seconds
Number of updated asset objects reloaded before import = 0Number of asset objects unloaded after import = 2

========================================================================
Received Import Request.
  Time since last request: 0.000035 seconds.
  path: Assets/BreakableAsteroids/Textures/Rock14.mat
  artifactKey: Guid(08ccb3cdd65876c43a94da0419a284e1) Importer(815301076,1909f56bfc062723c751e8b465ee728b)
Start importing Assets/BreakableAsteroids/Textures/Rock14.mat using Guid(08ccb3cdd65876c43a94da0419a284e1) Importer(815301076,1909f56bfc062723c751e8b465ee728b) (PreviewImporter) -> (artifact id: '3e1883bf2b286fcf722602431bf7e699') in 0.0174055 seconds
Number of updated asset objects reloaded before import = 0Number of asset objects unloaded after import = 5

========================================================================
Received Import Request.
  Time since last request: 0.000038 seconds.
  path: Assets/BreakableAsteroids/Textures/Rock016_2K_Displacement.png
  artifactKey: Guid(940acacf72300714fb089c5c6576b230) Importer(815301076,1909f56bfc062723c751e8b465ee728b)
Start importing Assets/BreakableAsteroids/Textures/Rock016_2K_Displacement.png using Guid(940acacf72300714fb089c5c6576b230) Importer(815301076,1909f56bfc062723c751e8b465ee728b) (PreviewImporter) -> (artifact id: '17ffd789c34bc956b45f103045f23527') in 0.0089172 seconds
Number of updated asset objects reloaded before import = 0Number of asset objects unloaded after import = 2

========================================================================
Received Import Request.
  Time since last request: 0.000041 seconds.
  path: Assets/BreakableAsteroids/Textures/Rock012_2K_AmbientOcclusion.png
  artifactKey: Guid(174d347ed66a2174ead88e40da80a545) Importer(815301076,1909f56bfc062723c751e8b465ee728b)
Start importing Assets/BreakableAsteroids/Textures/Rock012_2K_AmbientOcclusion.png using Guid(174d347ed66a2174ead88e40da80a545) Importer(815301076,1909f56bfc062723c751e8b465ee728b) (PreviewImporter) -> (artifact id: '8b96fe499d1a6aafa517835d9d8868cf') in 0.0103422 seconds
Number of updated asset objects reloaded before import = 0Number of asset objects unloaded after import = 2

========================================================================
Received Import Request.
  Time since last request: 0.000047 seconds.
  path: Assets/BreakableAsteroids/Textures/VoidSkybox.mat
  artifactKey: Guid(f9387886589b6464cb7bbb1b49b593ac) Importer(815301076,1909f56bfc062723c751e8b465ee728b)
Start importing Assets/BreakableAsteroids/Textures/VoidSkybox.mat using Guid(f9387886589b6464cb7bbb1b49b593ac) Importer(815301076,1909f56bfc062723c751e8b465ee728b) (PreviewImporter) -> (artifact id: '76f11e85c7153b4af6c6b52bdbb4c84e') in 0.0622477 seconds
Number of updated asset objects reloaded before import = 0Number of asset objects unloaded after import = 2

========================================================================
Received Import Request.
  Time since last request: 0.000049 seconds.
  path: Assets/BreakableAsteroids/Textures/Rock035_2K_Color.png
  artifactKey: Guid(dbd08748d8b36c64092ab3887ad4ae09) Importer(815301076,1909f56bfc062723c751e8b465ee728b)
Start importing Assets/BreakableAsteroids/Textures/Rock035_2K_Color.png using Guid(dbd08748d8b36c64092ab3887ad4ae09) Importer(815301076,1909f56bfc062723c751e8b465ee728b) (PreviewImporter) -> (artifact id: '0d98a1f55ec3bbe50acfc5c542b68e35') in 0.0093006 seconds
Number of updated asset objects reloaded before import = 0Number of asset objects unloaded after import = 2

========================================================================
Received Import Request.
  Time since last request: 0.000041 seconds.
  path: Assets/BreakableAsteroids/Textures/Rock033_2K_Color.png
  artifactKey: Guid(f655864df9290e545b0f533a110c29cf) Importer(815301076,1909f56bfc062723c751e8b465ee728b)
Start importing Assets/BreakableAsteroids/Textures/Rock033_2K_Color.png using Guid(f655864df9290e545b0f533a110c29cf) Importer(815301076,1909f56bfc062723c751e8b465ee728b) (PreviewImporter) -> (artifact id: '98b731bee3ffdd0dfbc0bff3250860d3') in 0.0096687 seconds
Number of updated asset objects reloaded before import = 0Number of asset objects unloaded after import = 2

========================================================================
Received Import Request.
  Time since last request: 0.000058 seconds.
  path: Assets/BreakableAsteroids/Textures/Rock033_2K_Displacement.png
  artifactKey: Guid(bf2122a3337044447be0e1b9ce683af5) Importer(815301076,1909f56bfc062723c751e8b465ee728b)
Start importing Assets/BreakableAsteroids/Textures/Rock033_2K_Displacement.png using Guid(bf2122a3337044447be0e1b9ce683af5) Importer(815301076,1909f56bfc062723c751e8b465ee728b) (PreviewImporter) -> (artifact id: '7a534e68db6aef212d1d5d90e92d8d3e') in 0.009115 seconds
Number of updated asset objects reloaded before import = 0Number of asset objects unloaded after import = 2

========================================================================
Received Import Request.
  Time since last request: 0.000032 seconds.
  path: Assets/BreakableAsteroids/Textures/Rock014_2K_Displacement.png
  artifactKey: Guid(54c7d1396a5cf344598f1f0ff1a5b45b) Importer(815301076,1909f56bfc062723c751e8b465ee728b)
Start importing Assets/BreakableAsteroids/Textures/Rock014_2K_Displacement.png using Guid(54c7d1396a5cf344598f1f0ff1a5b45b) Importer(815301076,1909f56bfc062723c751e8b465ee728b) (PreviewImporter) -> (artifact id: '064fb08e7be86d979845d6a4a004ee0b') in 0.0096826 seconds
Number of updated asset objects reloaded before import = 0Number of asset objects unloaded after import = 2

========================================================================
Received Import Request.
  Time since last request: 0.000027 seconds.
  path: Assets/BreakableAsteroids/Textures/Rock014_2K_Normal.png
  artifactKey: Guid(34ce7d3b9007e8845be18ad0c7464e54) Importer(815301076,1909f56bfc062723c751e8b465ee728b)
Start importing Assets/BreakableAsteroids/Textures/Rock014_2K_Normal.png using Guid(34ce7d3b9007e8845be18ad0c7464e54) Importer(815301076,1909f56bfc062723c751e8b465ee728b) (PreviewImporter) -> (artifact id: 'ca0b75b9525c5c8b26d1685a7aff756c') in 0.0094198 seconds
Number of updated asset objects reloaded before import = 0Number of asset objects unloaded after import = 2

========================================================================
Received Import Request.
  Time since last request: 0.000038 seconds.
  path: Assets/BreakableAsteroids/Textures/Rock012_2K_Displacement.png
  artifactKey: Guid(f2c28c4b753efd24e87098e8aee49129) Importer(815301076,1909f56bfc062723c751e8b465ee728b)
Start importing Assets/BreakableAsteroids/Textures/Rock012_2K_Displacement.png using Guid(f2c28c4b753efd24e87098e8aee49129) Importer(815301076,1909f56bfc062723c751e8b465ee728b) (PreviewImporter) -> (artifact id: 'de00e6365562446fa25587916c0a953a') in 0.0092196 seconds
Number of updated asset objects reloaded before import = 0Number of asset objects unloaded after import = 2

========================================================================
Received Import Request.
  Time since last request: 0.000052 seconds.
  path: Assets/BreakableAsteroids/Textures/Rock33.mat
  artifactKey: Guid(a3c7d8a6513dbd14ab14a6d6a2bbe488) Importer(815301076,1909f56bfc062723c751e8b465ee728b)
Start importing Assets/BreakableAsteroids/Textures/Rock33.mat using Guid(a3c7d8a6513dbd14ab14a6d6a2bbe488) Importer(815301076,1909f56bfc062723c751e8b465ee728b) (PreviewImporter) -> (artifact id: '4bb0a813bc95ed39a9e197f4dd4f9c5d') in 0.0157988 seconds
Number of updated asset objects reloaded before import = 0Number of asset objects unloaded after import = 5

========================================================================
Received Import Request.
  Time since last request: 0.000034 seconds.
  path: Assets/BreakableAsteroids/Textures/Rock031_2K_Color.png
  artifactKey: Guid(6684ead705837604ea03888dbd495a82) Importer(815301076,1909f56bfc062723c751e8b465ee728b)
Start importing Assets/BreakableAsteroids/Textures/Rock031_2K_Color.png using Guid(6684ead705837604ea03888dbd495a82) Importer(815301076,1909f56bfc062723c751e8b465ee728b) (PreviewImporter) -> (artifact id: 'a4da19a552d9ab87beadf42db70e475b') in 0.008266 seconds
Number of updated asset objects reloaded before import = 0Number of asset objects unloaded after import = 2

========================================================================
Received Import Request.
  Time since last request: 0.000034 seconds.
  path: Assets/BreakableAsteroids/Textures/Rock033_2K_AmbientOcclusion.png
  artifactKey: Guid(9d9b8e10bd38dd74c94cd1f3f7820ebe) Importer(815301076,1909f56bfc062723c751e8b465ee728b)
Start importing Assets/BreakableAsteroids/Textures/Rock033_2K_AmbientOcclusion.png using Guid(9d9b8e10bd38dd74c94cd1f3f7820ebe) Importer(815301076,1909f56bfc062723c751e8b465ee728b) (PreviewImporter) -> (artifact id: '7d04a4c568129423d6e045493c31990b') in 0.0091389 seconds
Number of updated asset objects reloaded before import = 0Number of asset objects unloaded after import = 2

========================================================================
Received Import Request.
  Time since last request: 0.000061 seconds.
  path: Assets/BreakableAsteroids/Textures/Rock031_2K_Roughness.png
  artifactKey: Guid(e85c2696c3ed2d740b9d04b61264b3c7) Importer(815301076,1909f56bfc062723c751e8b465ee728b)
Start importing Assets/BreakableAsteroids/Textures/Rock031_2K_Roughness.png using Guid(e85c2696c3ed2d740b9d04b61264b3c7) Importer(815301076,1909f56bfc062723c751e8b465ee728b) (PreviewImporter) -> (artifact id: '4a4a35e8c33e71f2ddfcefeddc2a2424') in 0.0104115 seconds
Number of updated asset objects reloaded before import = 0Number of asset objects unloaded after import = 2

========================================================================
Received Import Request.
  Time since last request: 0.000059 seconds.
  path: Assets/BreakableAsteroids/Textures/Rock016_2K_Roughness.png
  artifactKey: Guid(82ad2f9f41b585042a2f98827c22fc7d) Importer(815301076,1909f56bfc062723c751e8b465ee728b)
Start importing Assets/BreakableAsteroids/Textures/Rock016_2K_Roughness.png using Guid(82ad2f9f41b585042a2f98827c22fc7d) Importer(815301076,1909f56bfc062723c751e8b465ee728b) (PreviewImporter) -> (artifact id: 'cd45435c9e6ff7523645bc04cfea8088') in 0.0117636 seconds
Number of updated asset objects reloaded before import = 0Number of asset objects unloaded after import = 2

========================================================================
Received Import Request.
  Time since last request: 0.000033 seconds.
  path: Assets/BreakableAsteroids/Textures/The Void 8k.hdr
  artifactKey: Guid(fe3837d93a282d140a2c68ee65a89c00) Importer(815301076,1909f56bfc062723c751e8b465ee728b)
Start importing Assets/BreakableAsteroids/Textures/The Void 8k.hdr using Guid(fe3837d93a282d140a2c68ee65a89c00) Importer(815301076,1909f56bfc062723c751e8b465ee728b) (PreviewImporter) -> (artifact id: '8dd2f078df66d0b8c423cadbc23fec51') in 0.0438459 seconds
Number of updated asset objects reloaded before import = 0Number of asset objects unloaded after import = 1

========================================================================
Received Import Request.
  Time since last request: 0.000036 seconds.
  path: Assets/BreakableAsteroids/Textures/Rock31.mat
  artifactKey: Guid(691b598e097e6f345b4aaad4d21eb87b) Importer(815301076,1909f56bfc062723c751e8b465ee728b)
Start importing Assets/BreakableAsteroids/Textures/Rock31.mat using Guid(691b598e097e6f345b4aaad4d21eb87b) Importer(815301076,1909f56bfc062723c751e8b465ee728b) (PreviewImporter) -> (artifact id: 'd6822a2cc150159cb090b7b75911c3fa') in 0.0164351 seconds
Number of updated asset objects reloaded before import = 0Number of asset objects unloaded after import = 5

========================================================================
Received Import Request.
  Time since last request: 0.000032 seconds.
  path: Assets/BreakableAsteroids/Textures/Rock012_2K_Color.png
  artifactKey: Guid(97af8ac2e59e61e4ca5a821005374c9a) Importer(815301076,1909f56bfc062723c751e8b465ee728b)
Start importing Assets/BreakableAsteroids/Textures/Rock012_2K_Color.png using Guid(97af8ac2e59e61e4ca5a821005374c9a) Importer(815301076,1909f56bfc062723c751e8b465ee728b) (PreviewImporter) -> (artifact id: '5ac96a80db5a06224c611f4f70f53720') in 0.0093955 seconds
Number of updated asset objects reloaded before import = 0Number of asset objects unloaded after import = 2

========================================================================
Received Import Request.
  Time since last request: 0.000056 seconds.
  path: Assets/BreakableAsteroids/Textures/Rock16.mat
  artifactKey: Guid(22021ecd684891549a9889fa0e221d21) Importer(815301076,1909f56bfc062723c751e8b465ee728b)
Start importing Assets/BreakableAsteroids/Textures/Rock16.mat using Guid(22021ecd684891549a9889fa0e221d21) Importer(815301076,1909f56bfc062723c751e8b465ee728b) (PreviewImporter) -> (artifact id: '8d05d3961a5df545bacfb108253e029b') in 0.0170643 seconds
Number of updated asset objects reloaded before import = 0Number of asset objects unloaded after import = 5

========================================================================
Received Import Request.
  Time since last request: 0.000042 seconds.
  path: Assets/BreakableAsteroids/Textures/Rock033_2K_Roughness.png
  artifactKey: Guid(8746e6f41a3fd284abc47211a7972ce8) Importer(815301076,1909f56bfc062723c751e8b465ee728b)
Start importing Assets/BreakableAsteroids/Textures/Rock033_2K_Roughness.png using Guid(8746e6f41a3fd284abc47211a7972ce8) Importer(815301076,1909f56bfc062723c751e8b465ee728b) (PreviewImporter) -> (artifact id: 'c670910cbd51055f3ef74ee59ce3860d') in 0.0111477 seconds
Number of updated asset objects reloaded before import = 0Number of asset objects unloaded after import = 2

========================================================================
Received Import Request.
  Time since last request: 0.000029 seconds.
  path: Assets/BreakableAsteroids/Textures/Rock014_2K_Roughness.png
  artifactKey: Guid(610fdbfa9d42ed746be6d9713a94666b) Importer(815301076,1909f56bfc062723c751e8b465ee728b)
Start importing Assets/BreakableAsteroids/Textures/Rock014_2K_Roughness.png using Guid(610fdbfa9d42ed746be6d9713a94666b) Importer(815301076,1909f56bfc062723c751e8b465ee728b) (PreviewImporter) -> (artifact id: '41fc2e37e0f9718ff17f64fff1cc7d74') in 0.012005 seconds
Number of updated asset objects reloaded before import = 0Number of asset objects unloaded after import = 2

========================================================================
Received Import Request.
  Time since last request: 0.000035 seconds.
  path: Assets/BreakableAsteroids/Textures/Rock012_2K_Normal.png
  artifactKey: Guid(73416d68f23597642b186dfdef9a6953) Importer(815301076,1909f56bfc062723c751e8b465ee728b)
Start importing Assets/BreakableAsteroids/Textures/Rock012_2K_Normal.png using Guid(73416d68f23597642b186dfdef9a6953) Importer(815301076,1909f56bfc062723c751e8b465ee728b) (PreviewImporter) -> (artifact id: '88c728e740d3421f039aa7b1b7a5c4a1') in 0.0100887 seconds
Number of updated asset objects reloaded before import = 0Number of asset objects unloaded after import = 2

========================================================================
Received Import Request.
  Time since last request: 0.000053 seconds.
  path: Assets/BreakableAsteroids/Textures/Rock035_2K_Roughness.png
  artifactKey: Guid(3aa71d5a25fcf2d4c8ecdb25f2deb5d4) Importer(815301076,1909f56bfc062723c751e8b465ee728b)
Start importing Assets/BreakableAsteroids/Textures/Rock035_2K_Roughness.png using Guid(3aa71d5a25fcf2d4c8ecdb25f2deb5d4) Importer(815301076,1909f56bfc062723c751e8b465ee728b) (PreviewImporter) -> (artifact id: '99eee14b0eeaec67e584970686298558') in 0.0115286 seconds
Number of updated asset objects reloaded before import = 0Number of asset objects unloaded after import = 2

========================================================================
Received Import Request.
  Time since last request: 31.491244 seconds.
  path: Assets/Prefabs/Asteroids/Textures/Rock012.mat
  artifactKey: Guid(ead5a0397b4bd2a4f9f14ef6684ef94a) Importer(815301076,1909f56bfc062723c751e8b465ee728b)
Start importing Assets/Prefabs/Asteroids/Textures/Rock012.mat using Guid(ead5a0397b4bd2a4f9f14ef6684ef94a) Importer(815301076,1909f56bfc062723c751e8b465ee728b) (PreviewImporter) -> (artifact id: '7ce4a52c92e89fb85f968686125bb88f') in 0.0181477 seconds
Number of updated asset objects reloaded before import = 0Number of asset objects unloaded after import = 5

========================================================================
Received Import Request.
  Time since last request: 0.000028 seconds.
  path: Assets/Prefabs/Asteroids/Textures/Rock033_2K_Roughness.png
  artifactKey: Guid(886a85a2aca48534c8f3730e74e87005) Importer(815301076,1909f56bfc062723c751e8b465ee728b)
Start importing Assets/Prefabs/Asteroids/Textures/Rock033_2K_Roughness.png using Guid(886a85a2aca48534c8f3730e74e87005) Importer(815301076,1909f56bfc062723c751e8b465ee728b) (PreviewImporter) -> (artifact id: '2eb556967b63124d0e8ee97a14aef585') in 0.0088532 seconds
Number of updated asset objects reloaded before import = 0Number of asset objects unloaded after import = 2

========================================================================
Received Import Request.
  Time since last request: 0.000021 seconds.
  path: Assets/Prefabs/Asteroids/Textures/Rock035_2K_Roughness.png
  artifactKey: Guid(1a4c062e40bf9fc4a802aec008b78c59) Importer(815301076,1909f56bfc062723c751e8b465ee728b)
Start importing Assets/Prefabs/Asteroids/Textures/Rock035_2K_Roughness.png using Guid(1a4c062e40bf9fc4a802aec008b78c59) Importer(815301076,1909f56bfc062723c751e8b465ee728b) (PreviewImporter) -> (artifact id: 'caf025268d04ce9c0fa7829f26d8d98e') in 0.0085029 seconds
Number of updated asset objects reloaded before import = 0Number of asset objects unloaded after import = 2

========================================================================
Received Import Request.
  Time since last request: 0.000025 seconds.
  path: Assets/Prefabs/Asteroids/Textures/Rock031_2K_Displacement.png
  artifactKey: Guid(15b9d54cf3f50454aa313468668bc54a) Importer(815301076,1909f56bfc062723c751e8b465ee728b)
Start importing Assets/Prefabs/Asteroids/Textures/Rock031_2K_Displacement.png using Guid(15b9d54cf3f50454aa313468668bc54a) Importer(815301076,1909f56bfc062723c751e8b465ee728b) (PreviewImporter) -> (artifact id: '17c123a3cc2f5f49c5c79bbc46dc8adc') in 0.0089061 seconds
Number of updated asset objects reloaded before import = 0Number of asset objects unloaded after import = 2

========================================================================
Received Import Request.
  Time since last request: 0.000043 seconds.
  path: Assets/Prefabs/Asteroids/Textures/Rock014_2K_Normal.png
  artifactKey: Guid(1322a0f9c77faba4ba36cdee9f14a423) Importer(815301076,1909f56bfc062723c751e8b465ee728b)
Start importing Assets/Prefabs/Asteroids/Textures/Rock014_2K_Normal.png using Guid(1322a0f9c77faba4ba36cdee9f14a423) Importer(815301076,1909f56bfc062723c751e8b465ee728b) (PreviewImporter) -> (artifact id: '913ef007f42c4c52ea8b14530de36d38') in 0.009571 seconds
Number of updated asset objects reloaded before import = 0Number of asset objects unloaded after import = 2

========================================================================
Received Import Request.
  Time since last request: 0.000029 seconds.
  path: Assets/Prefabs/Asteroids/Textures/Rock31.mat
  artifactKey: Guid(c43b778af69820f429873d92401b529c) Importer(815301076,1909f56bfc062723c751e8b465ee728b)
Start importing Assets/Prefabs/Asteroids/Textures/Rock31.mat using Guid(c43b778af69820f429873d92401b529c) Importer(815301076,1909f56bfc062723c751e8b465ee728b) (PreviewImporter) -> (artifact id: 'c8dd035e7802490901fda33c85f903c9') in 0.0156149 seconds
Number of updated asset objects reloaded before import = 0Number of asset objects unloaded after import = 5

========================================================================
Received Import Request.
  Time since last request: 0.000028 seconds.
  path: Assets/Prefabs/Asteroids/Textures/Rock012_2K_Roughness.png
  artifactKey: Guid(9b5764624ff89534c90c47ab0f4a805c) Importer(815301076,1909f56bfc062723c751e8b465ee728b)
Start importing Assets/Prefabs/Asteroids/Textures/Rock012_2K_Roughness.png using Guid(9b5764624ff89534c90c47ab0f4a805c) Importer(815301076,1909f56bfc062723c751e8b465ee728b) (PreviewImporter) -> (artifact id: 'e3d526a239f4bdcf5fb32a25c849d0c1') in 0.0088987 seconds
Number of updated asset objects reloaded before import = 0Number of asset objects unloaded after import = 2

========================================================================
Received Import Request.
  Time since last request: 0.000025 seconds.
  path: Assets/Prefabs/Asteroids/Textures/Rock035_2K_Displacement.png
  artifactKey: Guid(a16057c7be0197a4f8cc67a2356346c6) Importer(815301076,1909f56bfc062723c751e8b465ee728b)
Start importing Assets/Prefabs/Asteroids/Textures/Rock035_2K_Displacement.png using Guid(a16057c7be0197a4f8cc67a2356346c6) Importer(815301076,1909f56bfc062723c751e8b465ee728b) (PreviewImporter) -> (artifact id: '51b509a8625c923d019a72a96c6898a3') in 0.0093457 seconds
Number of updated asset objects reloaded before import = 0Number of asset objects unloaded after import = 2

========================================================================
Received Import Request.
  Time since last request: 0.000031 seconds.
  path: Assets/Prefabs/Asteroids/Textures/Rock031_2K_AmbientOcclusion.png
  artifactKey: Guid(16662c90f809cea40b559f121b47990b) Importer(815301076,1909f56bfc062723c751e8b465ee728b)
Start importing Assets/Prefabs/Asteroids/Textures/Rock031_2K_AmbientOcclusion.png using Guid(16662c90f809cea40b559f121b47990b) Importer(815301076,1909f56bfc062723c751e8b465ee728b) (PreviewImporter) -> (artifact id: 'a7424cf6fca7db5c7763516f2a4bb4ee') in 0.0087054 seconds
Number of updated asset objects reloaded before import = 0Number of asset objects unloaded after import = 2

========================================================================
Received Import Request.
  Time since last request: 0.000021 seconds.
  path: Assets/Prefabs/Asteroids/Textures/Rock016_2K_AmbientOcclusion.png
  artifactKey: Guid(8d3ccf6205d7b654f833a5489f3197ea) Importer(815301076,1909f56bfc062723c751e8b465ee728b)
Start importing Assets/Prefabs/Asteroids/Textures/Rock016_2K_AmbientOcclusion.png using Guid(8d3ccf6205d7b654f833a5489f3197ea) Importer(815301076,1909f56bfc062723c751e8b465ee728b) (PreviewImporter) -> (artifact id: '9472b20beade6439e8a3b0db124e175f') in 0.0076528 seconds
Number of updated asset objects reloaded before import = 0Number of asset objects unloaded after import = 2

========================================================================
Received Import Request.
  Time since last request: 0.000030 seconds.
  path: Assets/Prefabs/Asteroids/Textures/Rock14.mat
  artifactKey: Guid(521feed2bc090464b98492d78178c444) Importer(815301076,1909f56bfc062723c751e8b465ee728b)
Start importing Assets/Prefabs/Asteroids/Textures/Rock14.mat using Guid(521feed2bc090464b98492d78178c444) Importer(815301076,1909f56bfc062723c751e8b465ee728b) (PreviewImporter) -> (artifact id: '7d0f6e87cf3490342a1fbe46c06d9987') in 0.0152844 seconds
Number of updated asset objects reloaded before import = 0Number of asset objects unloaded after import = 5

========================================================================
Received Import Request.
  Time since last request: 0.000036 seconds.
  path: Assets/Prefabs/Asteroids/Textures/Rock035_2K_Normal.png
  artifactKey: Guid(c53cce592e4249f4eaa4eb0fabee997e) Importer(815301076,1909f56bfc062723c751e8b465ee728b)
Start importing Assets/Prefabs/Asteroids/Textures/Rock035_2K_Normal.png using Guid(c53cce592e4249f4eaa4eb0fabee997e) Importer(815301076,1909f56bfc062723c751e8b465ee728b) (PreviewImporter) -> (artifact id: '7491716d923bea6f89ed166329c82524') in 0.01236 seconds
Number of updated asset objects reloaded before import = 0Number of asset objects unloaded after import = 2

========================================================================
Received Import Request.
  Time since last request: 0.000049 seconds.
  path: Assets/Prefabs/Asteroids/Textures/Rock033_2K_AmbientOcclusion.png
  artifactKey: Guid(b3afcc5397a7b78498d84d5f459fd038) Importer(815301076,1909f56bfc062723c751e8b465ee728b)
Start importing Assets/Prefabs/Asteroids/Textures/Rock033_2K_AmbientOcclusion.png using Guid(b3afcc5397a7b78498d84d5f459fd038) Importer(815301076,1909f56bfc062723c751e8b465ee728b) (PreviewImporter) -> (artifact id: '359af2ca04757f3cbe0a52974b039367') in 0.0082771 seconds
Number of updated asset objects reloaded before import = 0Number of asset objects unloaded after import = 2

========================================================================
Received Import Request.
  Time since last request: 12.818345 seconds.
  path: Assets/Prefabs/Asteroids/RockFracture8.prefab
  artifactKey: Guid(70a2f5401491f4745b0c693f5dfb7566) Importer(2089858483,192608db42251d675da83286b1cce702)
Start importing Assets/Prefabs/Asteroids/RockFracture8.prefab using Guid(70a2f5401491f4745b0c693f5dfb7566) Importer(2089858483,192608db42251d675da83286b1cce702) (ScriptedImporter) -> (artifact id: '1550af7801e3c40cb2dcd7f5ee53afd7') in 0.1789732 seconds
Number of updated asset objects reloaded before import = 0Number of asset objects unloaded after import = 704

========================================================================
Received Import Request.
  Time since last request: 0.000032 seconds.
  path: Assets/Prefabs/Asteroids/Rock8.prefab
  artifactKey: Guid(38b8e849d5e9cc04590c64c5582038d9) Importer(2089858483,192608db42251d675da83286b1cce702)
Start importing Assets/Prefabs/Asteroids/Rock8.prefab using Guid(38b8e849d5e9cc04590c64c5582038d9) Importer(2089858483,192608db42251d675da83286b1cce702) (ScriptedImporter) -> (artifact id: '5f561716c75c67344565163c7fe35bd6') in 0.0877741 seconds
Number of updated asset objects reloaded before import = 0Number of asset objects unloaded after import = 713

========================================================================
Received Import Request.
  Time since last request: 0.000219 seconds.
  path: Assets/Prefabs/Asteroids/Rock14.prefab
  artifactKey: Guid(3f5846681eaa94c4c8571580132fa0e9) Importer(2089858483,192608db42251d675da83286b1cce702)
Start importing Assets/Prefabs/Asteroids/Rock14.prefab using Guid(3f5846681eaa94c4c8571580132fa0e9) Importer(2089858483,192608db42251d675da83286b1cce702) (ScriptedImporter) -> (artifact id: '2d0ecbd80d880e6576c38e4074990cdd') in 0.0326254 seconds
Number of updated asset objects reloaded before import = 0Number of asset objects unloaded after import = 720

========================================================================
Received Import Request.
  Time since last request: 0.000026 seconds.
  path: Assets/Prefabs/Asteroids/Rock10.prefab
  artifactKey: Guid(679e9c33f4c7e6343ad4ea5b9eb00019) Importer(2089858483,192608db42251d675da83286b1cce702)
Start importing Assets/Prefabs/Asteroids/Rock10.prefab using Guid(679e9c33f4c7e6343ad4ea5b9eb00019) Importer(2089858483,192608db42251d675da83286b1cce702) (ScriptedImporter) -> (artifact id: '2cccce49a22e0f44cd99073868806229') in 0.0256831 seconds
Number of updated asset objects reloaded before import = 0Number of asset objects unloaded after import = 713

========================================================================
Received Import Request.
  Time since last request: 0.000026 seconds.
  path: Assets/Prefabs/Asteroids/RockFracture1.prefab
  artifactKey: Guid(5fd4c11f2d5c62942a926bc3106544d7) Importer(2089858483,192608db42251d675da83286b1cce702)
Start importing Assets/Prefabs/Asteroids/RockFracture1.prefab using Guid(5fd4c11f2d5c62942a926bc3106544d7) Importer(2089858483,192608db42251d675da83286b1cce702) (ScriptedImporter) -> (artifact id: '9cb86746197f427a9b9478f9fde8fedb') in 0.024851 seconds
Number of updated asset objects reloaded before import = 0Number of asset objects unloaded after import = 704

========================================================================
Received Import Request.
  Time since last request: 0.000046 seconds.
  path: Assets/Prefabs/Asteroids/Rock7.prefab
  artifactKey: Guid(e34904e72376c924a82cb10040bcf109) Importer(2089858483,192608db42251d675da83286b1cce702)
Start importing Assets/Prefabs/Asteroids/Rock7.prefab using Guid(e34904e72376c924a82cb10040bcf109) Importer(2089858483,192608db42251d675da83286b1cce702) (ScriptedImporter) -> (artifact id: 'ca0efa7c8478424a160eb4603f61c628') in 0.0327801 seconds
Number of updated asset objects reloaded before import = 0Number of asset objects unloaded after import = 713

========================================================================
Received Import Request.
  Time since last request: 0.000038 seconds.
  path: Assets/Prefabs/Asteroids/Rock2.prefab
  artifactKey: Guid(77b3cd8b9128ca9469d873fe4622b1f4) Importer(2089858483,192608db42251d675da83286b1cce702)
Start importing Assets/Prefabs/Asteroids/Rock2.prefab using Guid(77b3cd8b9128ca9469d873fe4622b1f4) Importer(2089858483,192608db42251d675da83286b1cce702) (ScriptedImporter) -> (artifact id: '903549853f2f964dbf6298d5c9622759') in 0.0269626 seconds
Number of updated asset objects reloaded before import = 0Number of asset objects unloaded after import = 727

========================================================================
Received Import Request.
  Time since last request: 0.000032 seconds.
  path: Assets/Prefabs/Asteroids/Rock4.prefab
  artifactKey: Guid(1dd1298d7666a7b4cbfc6ff9eabfa34b) Importer(2089858483,192608db42251d675da83286b1cce702)
Start importing Assets/Prefabs/Asteroids/Rock4.prefab using Guid(1dd1298d7666a7b4cbfc6ff9eabfa34b) Importer(2089858483,192608db42251d675da83286b1cce702) (ScriptedImporter) -> (artifact id: '306c522a5989d2b72337a82cf913a54a') in 0.0297023 seconds
Number of updated asset objects reloaded before import = 0Number of asset objects unloaded after import = 727

========================================================================
Received Import Request.
  Time since last request: 0.000029 seconds.
  path: Assets/Prefabs/Asteroids/Rock11.prefab
  artifactKey: Guid(c1c49802b0c307244a07ae8fe358c258) Importer(2089858483,192608db42251d675da83286b1cce702)
Start importing Assets/Prefabs/Asteroids/Rock11.prefab using Guid(c1c49802b0c307244a07ae8fe358c258) Importer(2089858483,192608db42251d675da83286b1cce702) (ScriptedImporter) -> (artifact id: '3d38b3e57f447a0cadc582e7b9600cf1') in 0.0322758 seconds
Number of updated asset objects reloaded before import = 0Number of asset objects unloaded after import = 720

========================================================================
Received Import Request.
  Time since last request: 0.000034 seconds.
  path: Assets/Prefabs/Asteroids/Rock13.prefab
  artifactKey: Guid(d9d186d2aece9f949acef2245830e4d8) Importer(2089858483,192608db42251d675da83286b1cce702)
Start importing Assets/Prefabs/Asteroids/Rock13.prefab using Guid(d9d186d2aece9f949acef2245830e4d8) Importer(2089858483,192608db42251d675da83286b1cce702) (ScriptedImporter) -> (artifact id: '6ab1a49b5fdd581c2d37c7c1714f02e3') in 0.0374785 seconds
Number of updated asset objects reloaded before import = 0Number of asset objects unloaded after import = 741

========================================================================
Received Import Request.
  Time since last request: 0.000054 seconds.
  path: Assets/Prefabs/Asteroids/RockFracture10.prefab
  artifactKey: Guid(0ab65356484ccef4f8d639779c51e031) Importer(2089858483,192608db42251d675da83286b1cce702)
Start importing Assets/Prefabs/Asteroids/RockFracture10.prefab using Guid(0ab65356484ccef4f8d639779c51e031) Importer(2089858483,192608db42251d675da83286b1cce702) (ScriptedImporter) -> (artifact id: 'aa9088c4b0e308e6c9085817b0517041') in 0.0276114 seconds
Number of updated asset objects reloaded before import = 0Number of asset objects unloaded after import = 704

========================================================================
Received Prepare
'Packages/com.unity.cinemachine/Editor/Obsolete/CinemachineVirtualCameraBaseEditor.cs' contains partial class of Unity.Object, exactly 1 of the partial classes needs to be in a file with the same filename. This is to know the one that can be referenced from ie. GameObjects
'Packages/com.unity.cinemachine/Editor/Editors/CinemachineVirtualCameraBaseEditor.cs' contains partial class of Unity.Object, exactly 1 of the partial classes needs to be in a file with the same filename. This is to know the one that can be referenced from ie. GameObjects
Refreshing native plugins compatible for Editor in 1.11 ms, found 2 plugins.
Preloading 0 native plugins for Editor in 0.00 ms.
Unloading 16 Unused Serialized files (Serialized files now loaded: 0)
Unloading 6015 unused Assets / (5.2 MB). Loaded Objects now: 8929.
Memory consumption went from 226.6 MB to 221.4 MB.
Total: 12.426900 ms (FindLiveObjects: 0.726300 ms CreateObjectMapping: 0.919500 ms MarkObjects: 7.989600 ms  DeleteObjects: 2.790300 ms)

Prepare: number of updated asset objects reloaded= 0
========================================================================
Received Prepare
'Packages/com.unity.cinemachine/Editor/Obsolete/CinemachineVirtualCameraBaseEditor.cs' contains partial class of Unity.Object, exactly 1 of the partial classes needs to be in a file with the same filename. This is to know the one that can be referenced from ie. GameObjects
'Packages/com.unity.cinemachine/Editor/Editors/CinemachineVirtualCameraBaseEditor.cs' contains partial class of Unity.Object, exactly 1 of the partial classes needs to be in a file with the same filename. This is to know the one that can be referenced from ie. GameObjects
Refreshing native plugins compatible for Editor in 1.06 ms, found 2 plugins.
Preloading 0 native plugins for Editor in 0.00 ms.
Unloading 16 Unused Serialized files (Serialized files now loaded: 0)
Unloading 6015 unused Assets / (5.2 MB). Loaded Objects now: 8930.
Memory consumption went from 226.6 MB to 221.5 MB.
Total: 13.668300 ms (FindLiveObjects: 0.831400 ms CreateObjectMapping: 0.909500 ms MarkObjects: 8.082300 ms  DeleteObjects: 3.844100 ms)

Prepare: number of updated asset objects reloaded= 0
========================================================================
Received Prepare
'Packages/com.unity.cinemachine/Editor/Obsolete/CinemachineVirtualCameraBaseEditor.cs' contains partial class of Unity.Object, exactly 1 of the partial classes needs to be in a file with the same filename. This is to know the one that can be referenced from ie. GameObjects
'Packages/com.unity.cinemachine/Editor/Editors/CinemachineVirtualCameraBaseEditor.cs' contains partial class of Unity.Object, exactly 1 of the partial classes needs to be in a file with the same filename. This is to know the one that can be referenced from ie. GameObjects
Refreshing native plugins compatible for Editor in 1.15 ms, found 2 plugins.
Preloading 0 native plugins for Editor in 0.00 ms.
Unloading 16 Unused Serialized files (Serialized files now loaded: 0)
Unloading 6013 unused Assets / (4.7 MB). Loaded Objects now: 8928.
Memory consumption went from 226.6 MB to 222.0 MB.
Total: 13.746200 ms (FindLiveObjects: 0.748200 ms CreateObjectMapping: 0.701700 ms MarkObjects: 8.932700 ms  DeleteObjects: 3.362600 ms)

Prepare: number of updated asset objects reloaded= 0
========================================================================
Received Import Request.
  Time since last request: 417.720563 seconds.
  path: Assets/Scripts/Systems/Combat/Fracture.cs
  artifactKey: Guid(b4b8c7d88eebb9940b3c4196017b84df) Importer(815301076,1909f56bfc062723c751e8b465ee728b)
Start importing Assets/Scripts/Systems/Combat/Fracture.cs using Guid(b4b8c7d88eebb9940b3c4196017b84df) Importer(815301076,1909f56bfc062723c751e8b465ee728b) (PreviewImporter) -> (artifact id: '189186f1e57b4a88b0adfe41c62517dc') in 0.0008686 seconds
Number of updated asset objects reloaded before import = 0Number of asset objects unloaded after import = 0

========================================================================
Received Prepare
Assembly reference Packages/com.unity.cinemachine/Editor/Samples/ExposeHDRPInternals/HDRP-Editor-ref.asmref has no target assembly definition
Assembly reference Packages/com.unity.cinemachine/Editor/Samples/ExposeHDRPInternals/HDRP-Editor-ref.asmref has no target assembly definition
Begin MonoManager ReloadAssembly
Duplicate assembly 'System.Runtime.CompilerServices.Unsafe.dll' with different versions detected, using 'Packages/com.unity.collections/Unity.Collections.Tests/System.Runtime.CompilerServices.Unsafe/System.Runtime.CompilerServices.Unsafe.dll, AssemblyName=System.Runtime.CompilerServices.Unsafe, Version=6.0.0.0, Culture=neutral, PublicKeyToken=b03f5f7f11d50a3a' and ignoring 'Packages/com.unity.ai.assistant/Plugins/Markdig/Dependencies/System.Runtime.CompilerServices.Unsafe.dll, AssemblyName=System.Runtime.CompilerServices.Unsafe, Version=4.0.6.0, Culture=neutral, PublicKeyToken=b03f5f7f11d50a3a'.Symbol file LoadedFromMemory is not a mono symbol file
- Loaded All Assemblies, in  0.860 seconds
Assembly reference Packages/com.unity.cinemachine/Editor/Samples/ExposeHDRPInternals/HDRP-Editor-ref.asmref has no target assembly definition
'Packages/com.unity.cinemachine/Editor/Obsolete/CinemachineVirtualCameraBaseEditor.cs' contains partial class of Unity.Object, exactly 1 of the partial classes needs to be in a file with the same filename. This is to know the one that can be referenced from ie. GameObjects
'Packages/com.unity.cinemachine/Editor/Editors/CinemachineVirtualCameraBaseEditor.cs' contains partial class of Unity.Object, exactly 1 of the partial classes needs to be in a file with the same filename. This is to know the one that can be referenced from ie. GameObjects
Refreshing native plugins compatible for Editor in 0.90 ms, found 2 plugins.
Native extension for UWP target not found
Native extension for WindowsStandalone target not found
Native extension for WebGL target not found
Assembly reference Packages/com.unity.cinemachine/Editor/Samples/ExposeHDRPInternals/HDRP-Editor-ref.asmref has no target assembly definition
[Package Manager] Failed to launch server process. Reason: Unity was launched with the -noUpm command-line argument
[Package Manager] Unable to send message (not connected to server process).
[Package Manager] Cannot connect to Unity Package Manager local server
[Package Manager] Failed to launch server process. Reason: Unity was launched with the -noUpm command-line argument
[Package Manager] Unable to send message (not connected to server process).
[Package Manager] Cannot connect to Unity Package Manager local server
Mono: successfully reloaded assembly
- Finished resetting the current domain, in  0.751 seconds
Domain Reload Profiling: 1610ms
	BeginReloadAssembly (258ms)
		ExecutionOrderSort (0ms)
		DisableScriptedObjects (20ms)
		BackupInstance (0ms)
		ReleaseScriptingObjects (0ms)
		CreateAndSetChildDomain (81ms)
	RebuildCommonClasses (33ms)
	RebuildNativeTypeToScriptingClass (10ms)
	initialDomainReloadingComplete (32ms)
	LoadAllAssembliesAndSetupDomain (526ms)
		LoadAssemblies (386ms)
		RebuildTransferFunctionScriptingTraits (0ms)
		AnalyzeDomain (234ms)
			TypeCache.Refresh (11ms)
				TypeCache.ScanAssembly (1ms)
			BuildScriptInfoCaches (210ms)
			ResolveRequiredComponents (9ms)
	FinalizeReload (751ms)
		ReleaseScriptCaches (0ms)
		RebuildScriptCaches (0ms)
		SetupLoadedEditorAssemblies (568ms)
			LogAssemblyErrors (0ms)
			InitializePlatformSupportModulesInManaged (3ms)
			SetLoadedEditorAssemblies (3ms)
			BeforeProcessingInitializeOnLoad (126ms)
			ProcessInitializeOnLoadAttributes (328ms)
			ProcessInitializeOnLoadMethodAttributes (101ms)
			AfterProcessingInitializeOnLoad (7ms)
			EditorAssembliesLoaded (0ms)
		ExecutionOrderSort2 (0ms)
		AwakeInstancesAfterBackupRestoration (18ms)
Refreshing native plugins compatible for Editor in 1.24 ms, found 2 plugins.
Preloading 0 native plugins for Editor in 0.00 ms.
Unloading 26 Unused Serialized files (Serialized files now loaded: 0)
Unloading 6018 unused Assets / (4.6 MB). Loaded Objects now: 8818.
Memory consumption went from 228.9 MB to 224.3 MB.
Total: 11.109400 ms (FindLiveObjects: 1.135900 ms CreateObjectMapping: 1.100900 ms MarkObjects: 5.727000 ms  DeleteObjects: 3.144500 ms)

Prepare: number of updated asset objects reloaded= 0
========================================================================
Received Import Request.
  Time since last request: 254.974122 seconds.
  path: Assets/Prefabs/Asteroids/Rock2.prefab
  artifactKey: Guid(77b3cd8b9128ca9469d873fe4622b1f4) Importer(815301076,1909f56bfc062723c751e8b465ee728b)
Start importing Assets/Prefabs/Asteroids/Rock2.prefab using Guid(77b3cd8b9128ca9469d873fe4622b1f4) Importer(815301076,1909f56bfc062723c751e8b465ee728b) (PreviewImporter) -> (artifact id: '465d8e9154af66ba274098db334c944f') in 0.0422966 seconds
Number of updated asset objects reloaded before import = 0Number of asset objects unloaded after import = 623

========================================================================
Received Import Request.
  Time since last request: 0.000031 seconds.
  path: Assets/Prefabs/Asteroids/RockFracture1.prefab
  artifactKey: Guid(5fd4c11f2d5c62942a926bc3106544d7) Importer(815301076,1909f56bfc062723c751e8b465ee728b)
Start importing Assets/Prefabs/Asteroids/RockFracture1.prefab using Guid(5fd4c11f2d5c62942a926bc3106544d7) Importer(815301076,1909f56bfc062723c751e8b465ee728b) (PreviewImporter) -> (artifact id: 'f448991670ba268cec6dd128647d4e7d') in 0.0062755 seconds
Number of updated asset objects reloaded before import = 0Number of asset objects unloaded after import = 604

========================================================================
Received Import Request.
  Time since last request: 0.000029 seconds.
  path: Assets/Prefabs/Asteroids/Rock11.prefab
  artifactKey: Guid(c1c49802b0c307244a07ae8fe358c258) Importer(815301076,1909f56bfc062723c751e8b465ee728b)
Start importing Assets/Prefabs/Asteroids/Rock11.prefab using Guid(c1c49802b0c307244a07ae8fe358c258) Importer(815301076,1909f56bfc062723c751e8b465ee728b) (PreviewImporter) -> (artifact id: '8c795ad3f34d861c4ca7049617244e76') in 0.0060283 seconds
Number of updated asset objects reloaded before import = 0Number of asset objects unloaded after import = 617

========================================================================
Received Import Request.
  Time since last request: 0.000020 seconds.
  path: Assets/Prefabs/Asteroids/RockFracture4.prefab
  artifactKey: Guid(d9ba52eb31bc7624bb1ea69be4129e55) Importer(815301076,1909f56bfc062723c751e8b465ee728b)
Start importing Assets/Prefabs/Asteroids/RockFracture4.prefab using Guid(d9ba52eb31bc7624bb1ea69be4129e55) Importer(815301076,1909f56bfc062723c751e8b465ee728b) (PreviewImporter) -> (artifact id: '7cc2b1f27765daf6c8031e48eac8acb5') in 0.006596 seconds
Number of updated asset objects reloaded before import = 0Number of asset objects unloaded after import = 616

========================================================================
Received Import Request.
  Time since last request: 0.000021 seconds.
  path: Assets/Prefabs/Asteroids/RockFracture14.prefab
  artifactKey: Guid(5cf5d633fb5e150448c12555350510f5) Importer(815301076,1909f56bfc062723c751e8b465ee728b)
Start importing Assets/Prefabs/Asteroids/RockFracture14.prefab using Guid(5cf5d633fb5e150448c12555350510f5) Importer(815301076,1909f56bfc062723c751e8b465ee728b) (PreviewImporter) -> (artifact id: '7bfcf30c100b282d05ee3ce92cea3e18') in 0.0071562 seconds
Number of updated asset objects reloaded before import = 0Number of asset objects unloaded after import = 610

========================================================================
Received Import Request.
  Time since last request: 0.000020 seconds.
  path: Assets/Prefabs/Asteroids/Rock8.prefab
  artifactKey: Guid(38b8e849d5e9cc04590c64c5582038d9) Importer(815301076,1909f56bfc062723c751e8b465ee728b)
Start importing Assets/Prefabs/Asteroids/Rock8.prefab using Guid(38b8e849d5e9cc04590c64c5582038d9) Importer(815301076,1909f56bfc062723c751e8b465ee728b) (PreviewImporter) -> (artifact id: '8ca50c102a5e6fec7a12ee0ccdbacc8b') in 0.0056421 seconds
Number of updated asset objects reloaded before import = 0Number of asset objects unloaded after import = 611

========================================================================
Received Import Request.
  Time since last request: 0.000035 seconds.
  path: Assets/Prefabs/Asteroids/Rock3.prefab
  artifactKey: Guid(7d98a3c47fca08e4a8ecbd00b9c32c36) Importer(815301076,1909f56bfc062723c751e8b465ee728b)
Start importing Assets/Prefabs/Asteroids/Rock3.prefab using Guid(7d98a3c47fca08e4a8ecbd00b9c32c36) Importer(815301076,1909f56bfc062723c751e8b465ee728b) (PreviewImporter) -> (artifact id: '02f79352cc958eb1f21f3330b1946bc1') in 0.0056469 seconds
Number of updated asset objects reloaded before import = 0Number of asset objects unloaded after import = 611

========================================================================
Received Import Request.
  Time since last request: 0.000018 seconds.
  path: Assets/Prefabs/Asteroids/Rock5.prefab
  artifactKey: Guid(af82aadb328276c4d9587ea9566860bf) Importer(815301076,1909f56bfc062723c751e8b465ee728b)
Start importing Assets/Prefabs/Asteroids/Rock5.prefab using Guid(af82aadb328276c4d9587ea9566860bf) Importer(815301076,1909f56bfc062723c751e8b465ee728b) (PreviewImporter) -> (artifact id: 'b1f41d2951aef12e2a010cba6bdfc734') in 0.0058492 seconds
Number of updated asset objects reloaded before import = 0Number of asset objects unloaded after import = 623

========================================================================
Received Import Request.
  Time since last request: 0.000017 seconds.
  path: Assets/Prefabs/Asteroids/RockFracture8.prefab
  artifactKey: Guid(70a2f5401491f4745b0c693f5dfb7566) Importer(815301076,1909f56bfc062723c751e8b465ee728b)
Start importing Assets/Prefabs/Asteroids/RockFracture8.prefab using Guid(70a2f5401491f4745b0c693f5dfb7566) Importer(815301076,1909f56bfc062723c751e8b465ee728b) (PreviewImporter) -> (artifact id: 'fc4cde4d73e5e2ffdad6eadb8a1c9fbb') in 0.0056999 seconds
Number of updated asset objects reloaded before import = 0Number of asset objects unloaded after import = 604

========================================================================
Received Import Request.
  Time since last request: 0.000017 seconds.
  path: Assets/Prefabs/Asteroids/RockFracture2.prefab
  artifactKey: Guid(926aa3293f0de024d8fd9ddd5a450273) Importer(815301076,1909f56bfc062723c751e8b465ee728b)
Start importing Assets/Prefabs/Asteroids/RockFracture2.prefab using Guid(926aa3293f0de024d8fd9ddd5a450273) Importer(815301076,1909f56bfc062723c751e8b465ee728b) (PreviewImporter) -> (artifact id: 'ebae588dc523762c58cf66b979c45ff4') in 0.0061992 seconds
Number of updated asset objects reloaded before import = 0Number of asset objects unloaded after import = 616

========================================================================
Received Import Request.
  Time since last request: 0.000028 seconds.
  path: Assets/Prefabs/Asteroids/Rock4.prefab
  artifactKey: Guid(1dd1298d7666a7b4cbfc6ff9eabfa34b) Importer(815301076,1909f56bfc062723c751e8b465ee728b)
Start importing Assets/Prefabs/Asteroids/Rock4.prefab using Guid(1dd1298d7666a7b4cbfc6ff9eabfa34b) Importer(815301076,1909f56bfc062723c751e8b465ee728b) (PreviewImporter) -> (artifact id: '6dc04c4d8857adeea09b3a1139e37726') in 0.0056682 seconds
Number of updated asset objects reloaded before import = 0Number of asset objects unloaded after import = 623

========================================================================
Received Import Request.
  Time since last request: 0.000029 seconds.
  path: Assets/Prefabs/Asteroids/RockFracture12.prefab
  artifactKey: Guid(3d8925001bbb80a4591335fcaf74975c) Importer(815301076,1909f56bfc062723c751e8b465ee728b)
Start importing Assets/Prefabs/Asteroids/RockFracture12.prefab using Guid(3d8925001bbb80a4591335fcaf74975c) Importer(815301076,1909f56bfc062723c751e8b465ee728b) (PreviewImporter) -> (artifact id: 'bd7ec2fe891c8b7a921a6249e3eb4ba8') in 0.0077012 seconds
Number of updated asset objects reloaded before import = 0Number of asset objects unloaded after import = 616

========================================================================
Received Import Request.
  Time since last request: 0.000017 seconds.
  path: Assets/Prefabs/Asteroids/RockFracture5.prefab
  artifactKey: Guid(5df6273a994f09443824cb7a57b07c34) Importer(815301076,1909f56bfc062723c751e8b465ee728b)
Start importing Assets/Prefabs/Asteroids/RockFracture5.prefab using Guid(5df6273a994f09443824cb7a57b07c34) Importer(815301076,1909f56bfc062723c751e8b465ee728b) (PreviewImporter) -> (artifact id: '2dc85a10f49e4bab0f2cd05dc9c1452d') in 0.0057152 seconds
Number of updated asset objects reloaded before import = 0Number of asset objects unloaded after import = 616

========================================================================
Received Import Request.
  Time since last request: 0.000018 seconds.
  path: Assets/Prefabs/Asteroids/RockFracture13.prefab
  artifactKey: Guid(a653ffd0225803340b0b9f3b68187748) Importer(815301076,1909f56bfc062723c751e8b465ee728b)
Start importing Assets/Prefabs/Asteroids/RockFracture13.prefab using Guid(a653ffd0225803340b0b9f3b68187748) Importer(815301076,1909f56bfc062723c751e8b465ee728b) (PreviewImporter) -> (artifact id: 'bc79bfccfdcba9849b97e04ce00087d6') in 0.0060422 seconds
Number of updated asset objects reloaded before import = 0Number of asset objects unloaded after import = 628

========================================================================
Received Import Request.
  Time since last request: 0.000017 seconds.
  path: Assets/Prefabs/Asteroids/Rock10.prefab
  artifactKey: Guid(679e9c33f4c7e6343ad4ea5b9eb00019) Importer(815301076,1909f56bfc062723c751e8b465ee728b)
Start importing Assets/Prefabs/Asteroids/Rock10.prefab using Guid(679e9c33f4c7e6343ad4ea5b9eb00019) Importer(815301076,1909f56bfc062723c751e8b465ee728b) (PreviewImporter) -> (artifact id: 'f872ef08f1e14fe2e4141743b85d6cbf') in 0.0053516 seconds
Number of updated asset objects reloaded before import = 0Number of asset objects unloaded after import = 611

Editor requested this worker to shutdown with reason: Scaling down because of idle timeout
AssetImportWorker is now disconnected from the server
Process exiting
Exiting without the bug reporter. Application will terminate with return code 0